QStandardPaths: XDG_RUNTIME_DIR not set, defaulting to '/tmp/runtime-alemor'
UDP target IP: 192.168.42.11
UDP target port: 6367
Simulation Options: Noise=0.1, Timestep=0.1, Frequency=20, Debug= True
UDP host IP: 
UDP host port: 6367
IP Address: 192.168.42.11 | Port: 6367
Phase data:   10.300 |  108.523 |  -98.223 | Time:    0.10
Phase data:   23.480 |  108.714 | -103.894 | Time:    0.20
Phase data:   34.440 |   91.131 | -112.872 | Time:    0.30
Phase data:   41.562 |   81.750 | -110.313 | Time:    0.40
Phase data:   51.730 |   74.254 | -110.785 | Time:    0.50
Phase data:   62.131 |   68.436 | -113.367 | Time:    0.60
Phase data:   72.957 |   53.493 | -118.550 | Time:    0.70
Phase data:   78.106 |   49.532 | -111.238 | Time:    0.80
Phase data:   92.283 |   34.362 | -109.245 | Time:    0.90
Phase data:   98.299 |   24.300 | -106.099 | Time:    1.00
Phase data:  109.877 |    9.862 |  -96.438 | Time:    1.10
Phase data:  108.745 |   -3.433 |  -91.911 | Time:    1.20
Phase data:  119.145 |  -16.665 |  -84.480 | Time:    1.30
Phase data:  123.827 |  -23.114 |  -76.313 | Time:    1.40
Phase data:  120.354 |  -29.563 |  -66.390 | Time:    1.50
Phase data:  129.399 |  -48.699 |  -62.801 | Time:    1.60
Phase data:  123.449 |  -54.009 |  -51.640 | Time:    1.70
Phase data:  123.600 |  -63.790 |  -44.110 | Time:    1.80
Phase data:  128.462 |  -78.742 |  -28.619 | Time:    1.90
Phase data:  118.556 |  -82.775 |  -23.081 | Time:    2.00
Phase data:  119.616 |  -93.305 |   -6.911 | Time:    2.10
Phase data:  112.285 |  -98.658 |    7.173 | Time:    2.20
Phase data:  101.620 | -108.769 |   19.949 | Time:    2.30
Phase data:   91.185 | -105.584 |   25.999 | Time:    2.40
Phase data:   91.256 | -106.660 |   37.504 | Time:    2.50
Phase data:   80.517 | -111.766 |   51.749 | Time:    2.60
Phase data:   62.160 | -108.981 |   58.820 | Time:    2.70
Phase data:   56.086 | -115.997 |   78.111 | Time:    2.80
Phase data:   46.999 | -115.618 |   78.119 | Time:    2.90
Phase data:   29.810 | -107.860 |   94.450 | Time:    3.00
Phase data:   18.134 | -105.350 |  106.016 | Time:    3.10
Phase data:    9.790 | -104.428 |  106.538 | Time:    3.20
Phase data:    3.595 |  -93.643 |  112.648 | Time:    3.30
Phase data:  -13.029 |  -85.657 |  113.087 | Time:    3.40
Phase data:  -23.265 |  -79.340 |  126.505 | Time:    3.50
Phase data:  -33.994 |  -74.573 |  124.566 | Time:    3.60
Phase data:  -41.402 |  -65.443 |  124.945 | Time:    3.70
Phase data:  -51.980 |  -50.247 |  127.927 | Time:    3.80
Phase data:  -64.823 |  -45.388 |  129.411 | Time:    3.90
Phase data:  -73.632 |  -33.775 |  122.607 | Time:    4.00
Phase data:  -86.816 |  -21.621 |  124.437 | Time:    4.10
Phase data:  -94.493 |   -4.941 |  109.934 | Time:    4.20
Phase data:  -96.489 |    4.845 |  110.144 | Time:    4.30
Phase data: -109.240 |   22.017 |   98.222 | Time:    4.40
Phase data: -112.492 |   28.457 |   95.635 | Time:    4.50
Phase data: -116.804 |   47.345 |   88.859 | Time:    4.60
Phase data: -113.343 |   58.366 |   80.077 | Time:    4.70
Phase data: -108.891 |   67.908 |   64.183 | Time:    4.80
Phase data: -113.240 |   74.763 |   53.677 | Time:    4.90
Phase data: -113.094 |   81.130 |   43.064 | Time:    5.00
Phase data: -105.071 |   93.914 |   31.657 | Time:    5.10
Phase data: -102.798 |  104.629 |   24.769 | Time:    5.20
Phase data:  -97.415 |  106.797 |    4.418 | Time:    5.30
Phase data:  -96.372 |  113.448 |    1.124 | Time:    5.40
Phase data:  -88.332 |  119.125 |  -19.493 | Time:    5.50
Phase data:  -73.665 |  123.279 |  -21.314 | Time:    5.60
Phase data:  -68.352 |  118.875 |  -34.323 | Time:    5.70
Phase data:  -62.683 |  130.487 |  -48.104 | Time:    5.80
Phase data:  -49.453 |  125.002 |  -53.449 | Time:    5.90
Phase data:  -36.366 |  128.719 |  -72.353 | Time:    6.00
Phase data:  -22.330 |  123.649 |  -75.319 | Time:    6.10
Phase data:  -19.060 |  116.614 |  -86.554 | Time:    6.20
Phase data:    1.429 |  108.649 |  -88.778 | Time:    6.30
Phase data:   13.517 |  105.800 | -101.217 | Time:    6.40
Phase data:   21.485 |  103.522 | -100.408 | Time:    6.50
Phase data:   32.614 |   94.883 | -109.297 | Time:    6.60
Phase data:   42.185 |   80.959 | -111.843 | Time:    6.70
Phase data:   48.982 |   75.035 | -115.016 | Time:    6.80
Phase data:   64.593 |   70.504 | -111.397 | Time:    6.90
Phase data:   73.412 |   56.467 | -113.679 | Time:    7.00
Phase data:   83.638 |   43.729 | -116.867 | Time:    7.10
Phase data:   99.176 |   35.102 | -111.278 | Time:    7.20
Phase data:   99.640 |   21.902 | -107.842 | Time:    7.30
Phase data:  104.352 |    8.646 |  -99.798 | Time:    7.40
Phase data:  113.045 |   -7.847 |  -99.098 | Time:    7.50
Phase data:  115.560 |  -13.756 |  -86.404 | Time:    7.60
Phase data:  123.550 |  -21.363 |  -77.287 | Time:    7.70
Phase data:  118.780 |  -33.150 |  -64.830 | Time:    7.80
Phase data:  123.525 |  -51.605 |  -58.020 | Time:    7.90
Phase data:  120.273 |  -57.917 |  -54.056 | Time:    8.00
Phase data:  124.923 |  -63.682 |  -38.341 | Time:    8.10
Phase data:  122.687 |  -72.903 |  -32.084 | Time:    8.20
Phase data:  122.888 |  -89.489 |  -14.098 | Time:    8.30
Phase data:  109.261 |  -94.460 |   -9.201 | Time:    8.40
Phase data:  108.652 |  -96.242 |   14.490 | Time:    8.50
Phase data:  102.319 | -110.472 |   20.253 | Time:    8.60
Phase data:   88.528 | -107.998 |   30.670 | Time:    8.70
Phase data:   86.057 | -110.780 |   39.623 | Time:    8.80
Phase data:   74.390 | -109.586 |   53.596 | Time:    8.90
Phase data:   71.823 | -109.800 |   70.277 | Time:    9.00
Phase data:   49.454 | -115.815 |   79.160 | Time:    9.10
Phase data:   44.192 | -107.736 |   86.344 | Time:    9.20
Phase data:   33.547 | -107.582 |   97.235 | Time:    9.30
Phase data:   16.035 | -102.482 |   96.648 | Time:    9.40
Phase data:    4.273 | -103.978 |  112.405 | Time:    9.50
Phase data:   -8.718 |  -91.220 |  118.238 | Time:    9.60
Phase data:  -15.019 |  -84.272 |  116.691 | Time:    9.70
Phase data:  -23.311 |  -82.406 |  127.118 | Time:    9.80
Phase data:  -32.978 |  -69.204 |  127.282 | Time:    9.90
Phase data:  -52.304 |  -60.555 |  125.860 | Time:   10.00
Phase data:  -64.283 |  -50.157 |  129.440 | Time:   10.10
Phase data:  -64.809 |  -34.015 |  125.323 | Time:   10.20
Phase data:  -79.485 |  -28.636 |  118.121 | Time:   10.30
Phase data:  -90.323 |  -15.835 |  121.858 | Time:   10.40
Phase data:  -96.539 |   -3.429 |  117.869 | Time:   10.50
Phase data: -104.664 |    8.963 |  107.201 | Time:   10.60
Phase data: -100.533 |   26.021 |   96.012 | Time:   10.70
Phase data: -112.696 |   34.427 |   88.869 | Time:   10.80
Phase data: -117.612 |   44.161 |   84.951 | Time:   10.90
Phase data: -111.552 |   57.909 |   80.043 | Time:   11.00
Phase data: -118.099 |   69.560 |   61.539 | Time:   11.10
Phase data: -108.646 |   77.006 |   59.640 | Time:   11.20
Phase data: -112.801 |   90.848 |   40.053 | Time:   11.30
Phase data: -108.682 |   88.392 |   32.490 | Time:   11.40
Phase data: -108.119 |   98.953 |   25.866 | Time:   11.50
Phase data: -104.954 |  105.754 |    6.700 | Time:   11.60
Phase data:  -93.539 |  109.628 |   -6.490 | Time:   11.70
Phase data:  -86.437 |  115.520 |  -11.082 | Time:   11.80
Phase data:  -77.022 |  118.381 |  -29.259 | Time:   11.90
Phase data:  -73.976 |  128.579 |  -33.304 | Time:   12.00
Phase data:  -54.588 |  130.890 |  -47.103 | Time:   12.10
Phase data:  -42.957 |  128.703 |  -63.747 | Time:   12.20
Phase data:  -33.086 |  120.120 |  -74.333 | Time:   12.30
Phase data:  -20.087 |  123.452 |  -84.065 | Time:   12.40
Phase data:  -13.971 |  121.324 |  -89.253 | Time:   12.50
Phase data:   -2.357 |  116.673 |  -94.216 | Time:   12.60
Phase data:   14.036 |  104.046 |  -99.982 | Time:   12.70
Phase data:   16.389 |  102.302 | -102.491 | Time:   12.80
Phase data:   37.883 |   87.908 | -104.591 | Time:   12.90
Phase data:   40.598 |   78.643 | -110.441 | Time:   13.00
Phase data:   51.021 |   78.993 | -113.115 | Time:   13.10
Phase data:   69.241 |   67.153 | -117.394 | Time:   13.20
Phase data:   81.450 |   54.324 | -115.074 | Time:   13.30
Phase data:   91.150 |   41.813 | -106.463 | Time:   13.40
Phase data:  100.046 |   36.232 | -106.478 | Time:   13.50
Phase data:   98.255 |   17.197 | -105.252 | Time:   13.60
Phase data:  110.400 |    2.426 |  -98.427 | Time:   13.70
Phase data:  110.015 |   -9.061 |  -97.555 | Time:   13.80
Phase data:  122.244 |  -10.844 |  -90.300 | Time:   13.90
Phase data:  123.241 |  -33.106 |  -81.836 | Time:   14.00
Phase data:  120.873 |  -44.628 |  -62.845 | Time:   14.10
Phase data:  127.617 |  -47.199 |  -56.818 | Time:   14.20
Phase data:  130.063 |  -59.109 |  -53.054 | Time:   14.30
Phase data:  120.112 |  -70.755 |  -37.157 | Time:   14.40
Phase data:  116.478 |  -80.442 |  -27.736 | Time:   14.50
Phase data:  119.787 |  -87.480 |  -12.407 | Time:   14.60
Phase data:  119.074 |  -99.189 |    0.315 | Time:   14.70
Phase data:  107.488 | -104.798 |   12.809 | Time:   14.80
Phase data:  100.589 | -100.845 |   23.457 | Time:   14.90
Phase data:   93.444 | -110.181 |   35.237 | Time:   15.00
Phase data:   85.633 | -111.767 |   47.334 | Time:   15.10
Phase data:   74.242 | -117.673 |   55.332 | Time:   15.20
Phase data:   70.266 | -119.785 |   72.420 | Time:   15.30
Phase data:   47.906 | -117.198 |   75.692 | Time:   15.40
Phase data:   41.072 | -115.420 |   88.749 | Time:   15.50
Phase data:   31.873 | -104.571 |   90.698 | Time:   15.60
Phase data:   14.828 | -100.582 |   98.354 | Time:   15.70
Phase data:    9.653 | -101.996 |  106.343 | Time:   15.80
Phase data:   -6.132 |  -89.567 |  109.499 | Time:   15.90
Phase data:  -12.006 |  -88.259 |  118.965 | Time:   16.00
Phase data:  -28.851 |  -72.247 |  128.598 | Time:   16.10
Phase data:  -44.751 |  -70.212 |  119.863 | Time:   16.20
Phase data:  -51.993 |  -60.447 |  121.140 | Time:   16.30
Phase data:  -63.469 |  -50.450 |  122.119 | Time:   16.40
Phase data:  -69.675 |  -34.726 |  122.501 | Time:   16.50
Phase data:  -83.416 |  -28.185 |  116.602 | Time:   16.60
Phase data:  -90.804 |  -15.342 |  122.046 | Time:   16.70
Phase data:  -96.259 |   -6.613 |  118.772 | Time:   16.80
Phase data: -100.210 |    9.482 |  109.227 | Time:   16.90
Phase data: -104.596 |   20.323 |  104.673 | Time:   17.00
Phase data: -103.769 |   37.791 |   93.977 | Time:   17.10
Phase data: -106.688 |   49.569 |   88.120 | Time:   17.20
Phase data: -119.228 |   53.341 |   69.387 | Time:   17.30
Phase data: -119.173 |   66.697 |   61.576 | Time:   17.40
Phase data: -115.919 |   82.731 |   56.987 | Time:   17.50
Phase data: -110.474 |   81.945 |   47.129 | Time:   17.60
Phase data: -106.260 |   92.946 |   25.914 | Time:   17.70
Phase data: -104.608 |  103.850 |   13.258 | Time:   17.80
Phase data:  -99.362 |  104.783 |    5.379 | Time:   17.90
Phase data:  -97.577 |  116.379 |   -4.402 | Time:   18.00
Phase data:  -80.416 |  120.383 |  -20.367 | Time:   18.10
Phase data:  -77.155 |  122.350 |  -23.696 | Time:   18.20
Phase data:  -69.377 |  124.050 |  -45.273 | Time:   18.30
Phase data:  -58.774 |  124.960 |  -52.386 | Time:   18.40
Phase data:  -45.244 |  127.071 |  -64.027 | Time:   18.50
Phase data:  -36.994 |  120.186 |  -73.793 | Time:   18.60
Phase data:  -26.933 |  124.321 |  -80.088 | Time:   18.70
Phase data:  -13.276 |  112.701 |  -93.426 | Time:   18.80
Phase data:   -0.340 |  112.466 | -100.226 | Time:   18.90
Phase data:   16.055 |  105.663 |  -99.118 | Time:   19.00
Phase data:   22.490 |   95.654 | -110.043 | Time:   19.10
Phase data:   37.544 |   92.308 | -109.252 | Time:   19.20
Phase data:   48.502 |   86.804 | -106.906 | Time:   19.30
Phase data:   59.948 |   68.332 | -115.379 | Time:   19.40
Phase data:   63.472 |   64.985 | -108.257 | Time:   19.50
Phase data:   76.068 |   57.467 | -118.135 | Time:   19.60
Phase data:   87.839 |   36.986 | -107.125 | Time:   19.70
Phase data:  101.992 |   29.954 | -102.846 | Time:   19.80
Phase data:  109.044 |   22.888 | -105.531 | Time:   19.90
Phase data:  104.220 |    8.906 |  -95.925 | Time:   20.00
Phase data:  116.555 |  -10.472 |  -87.483 | Time:   20.10
Phase data:  121.796 |  -15.327 |  -85.370 | Time:   20.20
Phase data:  119.300 |  -32.439 |  -79.960 | Time:   20.30
Phase data:  119.833 |  -35.993 |  -69.839 | Time:   20.40
Phase data:  124.175 |  -46.877 |  -52.898 | Time:   20.50
Phase data:  122.719 |  -66.382 |  -44.037 | Time:   20.60
Phase data:  122.168 |  -69.908 |  -31.060 | Time:   20.70
Phase data:  116.437 |  -79.657 |  -25.880 | Time:   20.80
Phase data:  122.554 |  -88.144 |  -15.509 | Time:   20.90
Phase data:  108.456 |  -95.789 |    5.733 | Time:   21.00
Phase data:  110.196 | -106.623 |    6.828 | Time:   21.10
Phase data:  100.932 | -104.387 |   26.855 | Time:   21.20
Phase data:   96.436 | -105.832 |   41.997 | Time:   21.30
Phase data:   76.887 | -108.520 |   51.834 | Time:   21.40
Phase data:   68.673 | -117.627 |   61.854 | Time:   21.50
Phase data:   66.792 | -114.737 |   73.245 | Time:   21.60
Phase data:   51.445 | -110.448 |   78.803 | Time:   21.70
Phase data:   36.841 | -107.171 |   82.630 | Time:   21.80
Phase data:   27.493 | -105.528 |   96.335 | Time:   21.90
Phase data:   17.317 |  -99.051 |  109.134 | Time:   22.00
Phase data:    3.632 |  -96.385 |  116.053 | Time:   22.10
Phase data:   -9.042 |  -94.986 |  116.328 | Time:   22.20
Phase data:  -24.586 |  -88.321 |  118.507 | Time:   22.30
Phase data:  -25.381 |  -80.264 |  118.645 | Time:   22.40
Phase data:  -38.612 |  -69.999 |  122.712 | Time:   22.50
Phase data:  -53.066 |  -50.621 |  128.787 | Time:   22.60
Phase data:  -65.336 |  -47.128 |  124.064 | Time:   22.70
Phase data:  -69.920 |  -33.626 |  120.146 | Time:   22.80
Phase data:  -79.124 |  -17.326 |  124.449 | Time:   22.90
Phase data:  -93.260 |  -11.943 |  118.502 | Time:   23.00
Phase data: -100.950 |    4.706 |  108.444 | Time:   23.10
Phase data:  -96.025 |    8.800 |  103.325 | Time:   23.20
Phase data: -106.327 |   21.020 |   97.107 | Time:   23.30
Phase data: -106.408 |   31.847 |   88.761 | Time:   23.40
Phase data: -107.431 |   51.664 |   81.366 | Time:   23.50
Phase data: -118.070 |   56.057 |   69.813 | Time:   23.60
Phase data: -110.213 |   69.016 |   63.297 | Time:   23.70
Phase data: -116.557 |   75.036 |   45.922 | Time:   23.80
Phase data: -112.114 |   91.919 |   44.795 | Time:   23.90
Phase data: -111.406 |  100.775 |   25.731 | Time:   24.00
Phase data: -100.367 |  107.920 |   11.246 | Time:   24.10
Phase data:  -93.241 |  113.783 |    0.659 | Time:   24.20
Phase data:  -95.287 |  112.198 |  -10.412 | Time:   24.30
Phase data:  -84.269 |  125.213 |  -22.244 | Time:   24.40
Phase data:  -71.864 |  126.487 |  -36.623 | Time:   24.50
Phase data:  -69.957 |  130.087 |  -46.029 | Time:   24.60
Phase data:  -56.442 |  128.595 |  -51.554 | Time:   24.70
Phase data:  -38.417 |  130.404 |  -61.187 | Time:   24.80
Phase data:  -38.490 |  120.420 |  -74.330 | Time:   24.90
Phase data:  -15.971 |  118.558 |  -85.187 | Time:   25.00
Phase data:  -13.375 |  110.947 |  -83.472 | Time:   25.10
Phase data:   -0.421 |  114.828 |  -94.107 | Time:   25.20
Phase data:   13.172 |  109.852 |  -98.524 | Time:   25.30
Phase data:   27.585 |   94.379 | -104.364 | Time:   25.40
Phase data:   42.698 |   94.783 | -110.881 | Time:   25.50
Phase data:   53.794 |   86.844 | -114.538 | Time:   25.60
Phase data:   54.359 |   68.951 | -108.010 | Time:   25.70
Phase data:   71.485 |   57.700 | -109.185 | Time:   25.80
Phase data:   77.266 |   47.497 | -117.463 | Time:   25.90
Phase data:   90.705 |   35.048 | -112.254 | Time:   26.00
Phase data:  100.212 |   25.869 | -108.781 | Time:   26.10
Phase data:  106.304 |   16.775 | -107.979 | Time:   26.20
Phase data:  108.509 |   -2.115 |  -92.895 | Time:   26.30
Phase data:  110.964 |   -6.380 |  -84.184 | Time:   26.40
Phase data:  122.417 |  -20.002 |  -78.114 | Time:   26.50
Phase data:  117.824 |  -33.662 |  -70.962 | Time:   26.60
Phase data:  123.658 |  -44.545 |  -59.213 | Time:   26.70
Phase data:  124.199 |  -48.239 |  -58.861 | Time:   26.80
Phase data:  121.541 |  -68.037 |  -45.205 | Time:   26.90
Phase data:  120.390 |  -70.038 |  -32.952 | Time:   27.00
Phase data:  121.663 |  -81.948 |  -16.915 | Time:   27.10
Phase data:  120.989 |  -94.181 |   -9.907 | Time:   27.20
Phase data:  116.209 |  -98.361 |    1.552 | Time:   27.30
Phase data:  107.875 | -104.319 |    8.744 | Time:   27.40
Phase data:  100.449 | -101.897 |   26.049 | Time:   27.50
Phase data:   89.703 | -105.150 |   41.947 | Time:   27.60
Phase data:   76.719 | -115.141 |   44.922 | Time:   27.70
Phase data:   66.286 | -112.946 |   66.560 | Time:   27.80
Phase data:   57.402 | -110.854 |   66.652 | Time:   27.90
Phase data:   50.270 | -107.764 |   84.694 | Time:   28.00
Phase data:   32.501 | -110.489 |   86.689 | Time:   28.10
Phase data:   30.106 | -108.652 |   95.346 | Time:   28.20
Phase data:   10.703 | -105.188 |  105.785 | Time:   28.30
Phase data:    3.612 |  -91.645 |  115.733 | Time:   28.40
Phase data:   -8.349 |  -88.478 |  119.827 | Time:   28.50
Phase data:  -26.659 |  -87.757 |  122.216 | Time:   28.60
Phase data:  -29.401 |  -77.358 |  128.659 | Time:   28.70
Phase data:  -40.159 |  -66.867 |  124.526 | Time:   28.80
Phase data:  -50.922 |  -54.077 |  121.400 | Time:   28.90
Phase data:  -60.184 |  -48.991 |  119.675 | Time:   29.00
Phase data:  -71.643 |  -26.614 |  123.757 | Time:   29.10
Phase data:  -78.106 |  -17.658 |  124.064 | Time:   29.20
Phase data:  -94.288 |   -4.039 |  110.827 | Time:   29.30
Phase data:  -94.412 |    2.625 |  116.286 | Time:   29.40
Phase data: -102.610 |   20.616 |  104.295 | Time:   29.50
Phase data: -110.827 |   31.912 |   97.115 | Time:   29.60
Phase data: -106.715 |   39.795 |   90.920 | Time:   29.70
Phase data: -110.840 |   48.548 |   84.092 | Time:   29.80
Phase data: -119.578 |   56.859 |   68.019 | Time:   29.90
Phase data: -118.119 |   76.517 |   56.902 | Time:   30.00
Phase data: -117.362 |   81.520 |   45.343 | Time:   30.10
Phase data: -109.521 |   88.569 |   41.852 | Time:   30.20
Phase data: -108.320 |   97.478 |   28.642 | Time:   30.30
Phase data: -103.194 |  100.062 |    9.232 | Time:   30.40
Phase data:  -98.991 |  112.053 |    7.638 | Time:   30.50
Phase data:  -87.569 |  118.486 |   -5.717 | Time:   30.60
Phase data:  -86.197 |  119.412 |  -22.715 | Time:   30.70
Phase data:  -70.851 |  118.289 |  -30.039 | Time:   30.80
Phase data:  -63.718 |  119.490 |  -40.372 | Time:   30.90
Phase data:  -50.892 |  121.696 |  -52.004 | Time:   31.00
Phase data:  -38.276 |  121.404 |  -67.829 | Time:   31.10
Phase data:  -25.774 |  126.220 |  -73.645 | Time:   31.20
Phase data:  -16.201 |  115.362 |  -76.961 | Time:   31.30
Phase data:   -8.570 |  114.962 |  -96.091 | Time:   31.40
Phase data:    4.399 |  111.860 |  -97.260 | Time:   31.50
Phase data:   15.787 |  101.212 | -107.999 | Time:   31.60
Phase data:   24.874 |   94.279 | -108.053 | Time:   31.70
Phase data:   40.542 |   93.935 | -111.776 | Time:   31.80
Phase data:   48.873 |   77.662 | -114.035 | Time:   31.90
Phase data:   56.856 |   75.351 | -114.207 | Time:   32.00
Phase data:   75.180 |   63.200 | -111.880 | Time:   32.10
Phase data:   87.042 |   51.714 | -113.757 | Time:   32.20
Phase data:   90.447 |   37.102 | -110.250 | Time:   32.30
Phase data:   97.405 |   30.679 | -102.584 | Time:   32.40
Phase data:  104.036 |   13.061 | -102.697 | Time:   32.50
Phase data:  115.869 |    5.967 |  -94.136 | Time:   32.60
Phase data:  120.741 |  -15.883 |  -84.159 | Time:   32.70
Phase data:  117.904 |  -20.769 |  -78.135 | Time:   32.80
Phase data:  124.716 |  -28.373 |  -66.443 | Time:   32.90
Phase data:  131.250 |  -39.281 |  -57.569 | Time:   33.00
Phase data:  125.389 |  -52.882 |  -50.608 | Time:   33.10
Phase data:  119.730 |  -63.669 |  -43.561 | Time:   33.20
Phase data:  122.479 |  -79.943 |  -26.436 | Time:   33.30
Phase data:  124.257 |  -83.812 |  -15.646 | Time:   33.40
Phase data:  117.794 |  -87.290 |  -11.104 | Time:   33.50
Phase data:  116.433 |  -96.802 |   10.469 | Time:   33.60
Phase data:  105.528 | -104.782 |   10.954 | Time:   33.70
Phase data:   95.942 | -107.274 |   30.232 | Time:   33.80
Phase data:   83.650 | -115.733 |   40.484 | Time:   33.90
Phase data:   73.533 | -107.026 |   51.293 | Time:   34.00
Phase data:   74.884 | -114.631 |   57.947 | Time:   34.10
Phase data:   59.601 | -114.638 |   75.136 | Time:   34.20
Phase data:   52.989 | -108.048 |   85.459 | Time:   34.30
Phase data:   39.756 | -108.076 |   86.919 | Time:   34.40
Phase data:   24.719 | -109.247 |  104.328 | Time:   34.50
Phase data:   14.893 | -104.498 |  105.905 | Time:   34.60
Phase data:    1.899 |  -91.178 |  115.380 | Time:   34.70
Phase data:   -9.845 |  -91.847 |  114.492 | Time:   34.80
Phase data:  -25.918 |  -82.773 |  119.391 | Time:   34.90
Phase data:  -32.003 |  -74.635 |  121.238 | Time:   35.00
Phase data:  -49.386 |  -65.620 |  127.406 | Time:   35.10
Phase data:  -59.255 |  -49.623 |  120.879 | Time:   35.20
Phase data:  -60.705 |  -39.847 |  129.553 | Time:   35.30
Phase data:  -73.637 |  -32.099 |  123.236 | Time:   35.40
Phase data:  -80.358 |  -14.591 |  122.849 | Time:   35.50
Phase data:  -89.484 |   -7.539 |  121.224 | Time:   35.60
Phase data: -103.241 |   -0.563 |  113.103 | Time:   35.70
Phase data:  -99.761 |   17.920 |  109.141 | Time:   35.80
Phase data: -112.991 |   31.888 |   92.603 | Time:   35.90
Phase data: -112.987 |   39.824 |   87.463 | Time:   36.00
Phase data: -111.814 |   52.311 |   80.103 | Time:   36.10
Phase data: -116.952 |   65.936 |   65.816 | Time:   36.20
Phase data: -116.592 |   74.591 |   62.801 | Time:   36.30
Phase data: -116.735 |   79.674 |   42.861 | Time:   36.40
Phase data: -107.898 |   96.989 |   41.209 | Time:   36.50
Phase data: -108.005 |  100.547 |   21.658 | Time:   36.60
Phase data: -103.396 |  107.970 |    9.025 | Time:   36.70
Phase data:  -89.318 |  110.688 |    3.531 | Time:   36.80
Phase data:  -83.632 |  116.239 |  -12.607 | Time:   36.90
Phase data:  -74.208 |  123.175 |  -19.467 | Time:   37.00
Phase data:  -72.724 |  120.257 |  -36.833 | Time:   37.10
Phase data:  -56.669 |  123.958 |  -50.989 | Time:   37.20
Phase data:  -55.437 |  127.364 |  -55.027 | Time:   37.30
Phase data:  -46.232 |  127.271 |  -62.040 | Time:   37.40
Phase data:  -33.460 |  120.889 |  -72.728 | Time:   37.50
Phase data:  -23.336 |  120.638 |  -86.202 | Time:   37.60
Phase data:   -8.774 |  118.950 |  -87.176 | Time:   37.70
Phase data:    6.006 |  113.170 | -101.676 | Time:   37.80
Phase data:   14.486 |  104.952 | -103.337 | Time:   37.90
Phase data:   31.444 |   96.461 | -112.705 | Time:   38.00
Phase data:   40.263 |   92.673 | -113.836 | Time:   38.10
Phase data:   55.727 |   82.470 | -112.298 | Time:   38.20
Phase data:   66.723 |   62.546 | -118.569 | Time:   38.30
Phase data:   72.544 |   63.598 | -110.042 | Time:   38.40
Phase data:   79.686 |   42.433 | -117.419 | Time:   38.50
Phase data:   97.356 |   30.561 | -107.717 | Time:   38.60
Phase data:   96.264 |   21.997 | -106.261 | Time:   38.70
Phase data:  112.733 |   15.157 | -104.790 | Time:   38.80
Phase data:  109.092 |    4.863 |  -91.955 | Time:   38.90
Phase data:  119.282 |  -12.368 |  -90.215 | Time:   39.00
Phase data:  124.155 |  -19.315 |  -83.040 | Time:   39.10
Phase data:  129.272 |  -34.661 |  -64.811 | Time:   39.20
Phase data:  125.507 |  -48.591 |  -66.915 | Time:   39.30
Phase data:  126.346 |  -55.197 |  -56.849 | Time:   39.40
Phase data:  123.086 |  -62.772 |  -45.015 | Time:   39.50
Phase data:  120.838 |  -73.517 |  -32.421 | Time:   39.60
Phase data:  124.423 |  -80.443 |  -16.280 | Time:   39.70
Phase data:  113.373 |  -88.064 |   -7.509 | Time:   39.80
Phase data:  108.833 |  -93.208 |    3.775 | Time:   39.90
Phase data:   98.959 | -103.210 |   21.751 | Time:   40.00
Phase data:   94.717 | -110.916 |   32.399 | Time:   40.10
Phase data:   87.980 | -115.082 |   38.901 | Time:   40.20
Phase data:   78.635 | -112.078 |   53.442 | Time:   40.30
Phase data:   68.073 | -118.482 |   60.109 | Time:   40.40
Phase data:   57.594 | -114.788 |   79.794 | Time:   40.50
Phase data:   46.703 | -109.100 |   85.096 | Time:   40.60
Phase data:   37.512 | -108.232 |   91.920 | Time:   40.70
Phase data:   19.835 | -100.013 |   96.778 | Time:   40.80
Phase data:   11.589 | -102.381 |  102.792 | Time:   40.90
Phase data:    1.795 |  -94.288 |  114.393 | Time:   41.00
Phase data:  -13.128 |  -82.694 |  122.322 | Time:   41.10
Phase data:  -29.762 |  -80.470 |  127.331 | Time:   41.20
Phase data:  -39.287 |  -64.695 |  124.983 | Time:   41.30
Phase data:  -45.092 |  -61.460 |  127.152 | Time:   41.40
Phase data:  -54.365 |  -45.559 |  120.124 | Time:   41.50
Phase data:  -64.801 |  -40.096 |  127.198 | Time:   41.60
Phase data:  -78.704 |  -31.880 |  120.084 | Time:   41.70
Phase data:  -82.481 |  -18.023 |  115.204 | Time:   41.80
Phase data:  -88.350 |   -0.243 |  114.593 | Time:   41.90
Phase data:  -93.337 |    8.644 |  114.094 | Time:   42.00
Phase data: -103.479 |   13.815 |  105.864 | Time:   42.10
Phase data: -110.322 |   26.653 |   90.869 | Time:   42.20
Phase data: -113.824 |   40.338 |   81.186 | Time:   42.30
Phase data: -109.954 |   58.956 |   76.198 | Time:   42.40
Phase data: -115.292 |   66.993 |   64.899 | Time:   42.50
Phase data: -115.331 |   73.843 |   59.588 | Time:   42.60
Phase data: -117.376 |   86.404 |   49.873 | Time:   42.70
Phase data: -111.943 |   90.781 |   30.862 | Time:   42.80
Phase data: -106.761 |   96.489 |   17.372 | Time:   42.90
Phase data:  -95.869 |  101.948 |   12.721 | Time:   43.00
Phase data:  -91.519 |  113.491 |    0.328 | Time:   43.10
Phase data:  -87.871 |  122.159 |  -10.988 | Time:   43.20
Phase data:  -78.597 |  116.504 |  -31.207 | Time:   43.30
Phase data:  -68.978 |  128.390 |  -31.713 | Time:   43.40
Phase data:  -55.102 |  122.393 |  -46.490 | Time:   43.50
Phase data:  -53.068 |  126.698 |  -52.830 | Time:   43.60
Phase data:  -33.177 |  125.406 |  -67.329 | Time:   43.70
Phase data:  -24.238 |  126.226 |  -72.688 | Time:   43.80
Phase data:  -21.666 |  115.082 |  -91.316 | Time:   43.90
Phase data:   -9.276 |  119.909 |  -87.232 | Time:   44.00
Phase data:   10.412 |  110.551 |  -99.663 | Time:   44.10
Phase data:   18.480 |  107.865 | -107.045 | Time:   44.20
Phase data:   27.006 |   94.219 | -111.526 | Time:   44.30
Phase data:   37.974 |   91.588 | -116.663 | Time:   44.40
Phase data:   59.568 |   81.159 | -115.826 | Time:   44.50
Phase data:   65.575 |   61.723 | -110.498 | Time:   44.60
Phase data:   74.389 |   61.881 | -115.370 | Time:   44.70
Phase data:   90.509 |   48.040 | -116.649 | Time:   44.80
Phase data:   97.540 |   35.811 | -112.551 | Time:   44.90
Phase data:  104.497 |   24.609 | -109.906 | Time:   45.00
Phase data:  110.801 |    8.153 |  -97.854 | Time:   45.10
Phase data:  109.086 |    0.560 |  -91.846 | Time:   45.20
Phase data:  116.992 |  -11.048 |  -90.944 | Time:   45.30
Phase data:  122.774 |  -22.152 |  -83.121 | Time:   45.40
Phase data:  125.994 |  -34.637 |  -63.657 | Time:   45.50
Phase data:  129.930 |  -52.187 |  -53.543 | Time:   45.60
Phase data:  127.569 |  -58.494 |  -43.274 | Time:   45.70
Phase data:  129.710 |  -68.654 |  -35.956 | Time:   45.80
Phase data:  127.664 |  -80.469 |  -27.996 | Time:   45.90
Phase data:  114.557 |  -91.349 |  -20.008 | Time:   46.00
Phase data:  110.821 |  -90.712 |   -3.410 | Time:   46.10
Phase data:  113.005 |  -95.786 |    4.781 | Time:   46.20
Phase data:  101.864 | -109.307 |   25.344 | Time:   46.30
Phase data:   95.466 | -106.825 |   35.059 | Time:   46.40
Phase data:   87.089 | -114.398 |   42.609 | Time:   46.50
Phase data:   77.317 | -118.795 |   55.178 | Time:   46.60
Phase data:   67.145 | -111.700 |   60.255 | Time:   46.70
Phase data:   55.472 | -112.906 |   76.233 | Time:   46.80
Phase data:   39.807 | -111.718 |   88.811 | Time:   46.90
Phase data:   33.060 | -107.056 |   96.996 | Time:   47.00
Phase data:   21.546 | -101.148 |  101.002 | Time:   47.10
Phase data:   14.584 |  -97.435 |  104.451 | Time:   47.20
Phase data:   -8.107 |  -97.870 |  111.377 | Time:   47.30
Phase data:   -9.406 |  -83.915 |  123.822 | Time:   47.40
Phase data:  -25.396 |  -80.143 |  117.839 | Time:   47.50
Phase data:  -32.260 |  -63.935 |  120.794 | Time:   47.60
Phase data:  -49.283 |  -59.881 |  129.464 | Time:   47.70
Phase data:  -59.356 |  -44.079 |  123.936 | Time:   47.80
Phase data:  -74.777 |  -43.533 |  127.810 | Time:   47.90
Phase data:  -75.147 |  -26.552 |  120.199 | Time:   48.00
Phase data:  -86.278 |  -20.149 |  114.128 | Time:   48.10
Phase data:  -88.988 |    2.757 |  116.531 | Time:   48.20
Phase data: -105.205 |    3.749 |  111.255 | Time:   48.30
Phase data: -107.866 |   26.507 |  100.359 | Time:   48.40
Phase data: -112.921 |   33.611 |   96.111 | Time:   48.50
Phase data: -115.129 |   44.943 |   85.487 | Time:   48.60
Phase data: -115.561 |   60.987 |   80.273 | Time:   48.70
Phase data: -119.298 |   64.934 |   68.565 | Time:   48.80
Phase data: -115.237 |   74.475 |   57.862 | Time:   48.90
Phase data: -116.184 |   80.711 |   40.272 | Time:   49.00
Phase data: -109.057 |   94.349 |   28.307 | Time:   49.10
Phase data: -104.186 |  100.404 |   14.982 | Time:   49.20
Phase data: -102.313 |  106.698 |    2.516 | Time:   49.30
Phase data:  -86.891 |  115.264 |    1.627 | Time:   49.40
Phase data:  -87.383 |  121.048 |  -15.864 | Time:   49.50
Phase data:  -82.562 |  126.301 |  -22.139 | Time:   49.60
Phase data:  -67.810 |  120.591 |  -35.181 | Time:   49.70
Phase data:  -59.318 |  122.394 |  -53.676 | Time:   49.80
Phase data:  -51.683 |  126.399 |  -60.116 | Time:   49.90
Phase data:  -32.409 |  125.707 |  -69.797 | Time:   50.00
Phase data:  -30.207 |  116.631 |  -72.823 | Time:   50.10
Phase data:  -16.990 |  119.095 |  -89.405 | Time:   50.20
Phase data:   -4.275 |  116.237 |  -92.561 | Time:   50.30
Phase data:    8.018 |  109.503 | -103.921 | Time:   50.40
Phase data:   19.370 |  106.652 | -101.822 | Time:   50.50
Phase data:   36.162 |   98.652 | -107.914 | Time:   50.60
Phase data:   46.075 |   84.282 | -108.957 | Time:   50.70
Phase data:   53.895 |   79.127 | -108.922 | Time:   50.80
Phase data:   66.510 |   59.183 | -115.493 | Time:   50.90
Phase data:   81.515 |   58.950 | -107.565 | Time:   51.00
Phase data:   84.709 |   48.237 | -105.846 | Time:   51.10
Phase data:   92.900 |   27.454 | -108.854 | Time:   51.20
Phase data:  103.003 |   19.218 | -108.021 | Time:   51.30
Phase data:  104.841 |   10.347 |  -95.788 | Time:   51.40
Phase data:  111.649 |    0.860 |  -90.409 | Time:   51.50
Phase data:  124.670 |  -14.722 |  -83.548 | Time:   51.60
Phase data:  123.160 |  -32.481 |  -82.179 | Time:   51.70
Phase data:  121.484 |  -40.301 |  -62.983 | Time:   51.80
Phase data:  121.120 |  -46.568 |  -52.852 | Time:   51.90
Phase data:  124.658 |  -59.274 |  -44.384 | Time:   52.00
Phase data:  123.000 |  -64.616 |  -34.784 | Time:   52.10
Phase data:  119.158 |  -82.197 |  -21.261 | Time:   52.20
Phase data:  120.859 |  -83.729 |  -16.530 | Time:   52.30
Phase data:  117.339 |  -89.931 |    3.392 | Time:   52.40
Phase data:  108.347 | -105.933 |   14.786 | Time:   52.50
Phase data:   97.342 |  -99.574 |   22.332 | Time:   52.60
Phase data:   96.191 | -109.003 |   34.912 | Time:   52.70
Phase data:   87.975 | -109.981 |   50.606 | Time:   52.80
Phase data:   76.279 | -111.080 |   58.501 | Time:   52.90
Phase data:   64.199 | -118.584 |   64.285 | Time:   53.00
Phase data:   50.337 | -113.890 |   73.852 | Time:   53.10
Phase data:   46.600 | -108.604 |   85.104 | Time:   53.20
Phase data:   31.900 | -108.648 |   90.048 | Time:   53.30
Phase data:   21.853 | -106.352 |  107.799 | Time:   53.40
Phase data:    8.478 |  -94.859 |  113.881 | Time:   53.50
Phase data:   -5.506 |  -97.524 |  119.230 | Time:   53.60
Phase data:  -12.479 |  -81.411 |  117.089 | Time:   53.70
Phase data:  -30.522 |  -75.893 |  128.515 | Time:   53.80
Phase data:  -43.219 |  -70.954 |  127.173 | Time:   53.90
Phase data:  -46.658 |  -55.185 |  128.743 | Time:   54.00
Phase data:  -55.130 |  -42.684 |  121.814 | Time:   54.10
Phase data:  -75.331 |  -33.258 |  129.089 | Time:   54.20
Phase data:  -79.968 |  -27.415 |  119.882 | Time:   54.30
Phase data:  -87.250 |   -7.470 |  119.520 | Time:   54.40
Phase data:  -96.198 |    0.060 |  112.139 | Time:   54.50
Phase data: -104.543 |   16.954 |  105.789 | Time:   54.60
Phase data: -100.123 |   26.594 |   95.128 | Time:   54.70
Phase data: -112.388 |   30.461 |   93.528 | Time:   54.80
Phase data: -116.201 |   44.636 |   86.865 | Time:   54.90
Phase data: -110.334 |   53.005 |   73.329 | Time:   55.00
Phase data: -113.771 |   62.657 |   61.214 | Time:   55.10
Phase data: -110.810 |   73.988 |   58.022 | Time:   55.20
Phase data: -109.959 |   88.697 |   36.762 | Time:   55.30
Phase data: -103.338 |   90.593 |   24.145 | Time:   55.40
Phase data: -104.180 |  101.592 |   18.088 | Time:   55.50
Phase data:  -94.328 |  109.318 |    5.609 | Time:   55.60
Phase data:  -95.136 |  114.208 |   -9.171 | Time:   55.70
Phase data:  -87.370 |  120.905 |  -20.535 | Time:   55.80
Phase data:  -71.704 |  126.066 |  -28.962 | Time:   55.90
Phase data:  -65.822 |  124.758 |  -38.937 | Time:   56.00
Phase data:  -51.315 |  131.861 |  -49.246 | Time:   56.10
Phase data:  -50.083 |  127.066 |  -58.483 | Time:   56.20
Phase data:  -39.930 |  119.975 |  -73.545 | Time:   56.30
Phase data:  -28.167 |  115.803 |  -81.536 | Time:   56.40
Phase data:  -17.109 |  117.377 |  -85.868 | Time:   56.50
Phase data:    0.827 |  110.135 |  -99.362 | Time:   56.60
Phase data:   17.422 |  105.727 | -101.149 | Time:   56.70
Phase data:   19.256 |  100.612 | -110.868 | Time:   56.80
Phase data:   34.109 |   90.761 | -106.370 | Time:   56.90
Phase data:   51.965 |   87.853 | -115.318 | Time:   57.00
Phase data:   57.808 |   77.577 | -117.684 | Time:   57.10
Phase data:   63.628 |   57.427 | -110.455 | Time:   57.20
Phase data:   82.621 |   46.906 | -108.527 | Time:   57.30
Phase data:   83.487 |   36.323 | -106.910 | Time:   57.40
Phase data:   95.435 |   25.390 | -109.925 | Time:   57.50
Phase data:   98.081 |   20.223 | -102.904 | Time:   57.60
Phase data:  106.152 |    7.641 |  -93.093 | Time:   57.70
Phase data:  117.282 |   -3.937 |  -92.445 | Time:   57.80
Phase data:  121.717 |  -23.490 |  -80.727 | Time:   57.90
Phase data:  122.114 |  -25.200 |  -73.413 | Time:   58.00
Phase data:  127.140 |  -42.852 |  -65.888 | Time:   58.10
Phase data:  129.977 |  -53.633 |  -56.444 | Time:   58.20
Phase data:  126.314 |  -65.835 |  -45.279 | Time:   58.30
Phase data:  123.257 |  -74.556 |  -32.901 | Time:   58.40
Phase data:  118.619 |  -78.101 |  -20.118 | Time:   58.50
Phase data:  117.630 |  -85.483 |  -11.647 | Time:   58.60
Phase data:  118.228 |  -91.223 |   -4.405 | Time:   58.70
Phase data:  109.962 | -102.252 |   16.090 | Time:   58.80
Phase data:   95.593 | -111.310 |   28.117 | Time:   58.90
Phase data:   96.592 | -110.048 |   38.556 | Time:   59.00
Phase data:   82.739 | -117.431 |   53.492 | Time:   59.10
Phase data:   67.222 | -109.531 |   56.909 | Time:   59.20
Phase data:   61.738 | -115.035 |   68.897 | Time:   59.30
Phase data:   56.388 | -109.540 |   81.852 | Time:   59.40
Phase data:   39.783 | -104.857 |   86.475 | Time:   59.50
Phase data:   24.933 | -108.108 |   90.774 | Time:   59.60
Phase data:   18.657 | -103.825 |  107.368 | Time:   59.70
Phase data:    6.672 | -101.454 |  106.682 | Time:   59.80
Phase data:   -8.702 |  -93.251 |  111.953 | Time:   59.90
Phase data:  -23.945 |  -87.181 |  121.225 | Time:   60.00
Phase data:  -28.238 |  -72.420 |  125.258 | Time:   60.10
Phase data:  -39.766 |  -63.452 |  125.418 | Time:   60.20
Phase data:  -47.318 |  -60.270 |  130.388 | Time:   60.30
Phase data:  -63.984 |  -38.974 |  127.359 | Time:   60.40
Phase data:  -77.665 |  -34.370 |  125.635 | Time:   60.50
Phase data:  -83.064 |  -20.669 |  116.133 | Time:   60.60
Phase data:  -90.695 |  -13.885 |  116.580 | Time:   60.70
Phase data: -100.281 |    5.164 |  112.617 | Time:   60.80
Phase data: -104.651 |    9.558 |  109.993 | Time:   60.90
Phase data: -107.348 |   21.677 |   92.871 | Time:   61.00
Phase data: -104.723 |   41.703 |   93.220 | Time:   61.10
Phase data: -111.140 |   48.318 |   79.522 | Time:   61.20
Phase data: -119.074 |   58.508 |   71.066 | Time:   61.30
Phase data: -108.811 |   72.864 |   60.747 | Time:   61.40
Phase data: -112.750 |   82.380 |   54.469 | Time:   61.50
Phase data: -114.801 |   83.360 |   38.741 | Time:   61.60
Phase data: -111.087 |   95.611 |   28.976 | Time:   61.70
Phase data: -101.943 |  103.452 |   14.791 | Time:   61.80
Phase data: -101.813 |  112.610 |    4.103 | Time:   61.90
Phase data:  -85.854 |  110.120 |   -5.566 | Time:   62.00
Phase data:  -79.032 |  125.530 |  -18.798 | Time:   62.10
Phase data:  -74.123 |  123.098 |  -36.474 | Time:   62.20
Phase data:  -62.013 |  124.993 |  -43.479 | Time:   62.30
Phase data:  -59.095 |  124.796 |  -57.201 | Time:   62.40
Phase data:  -44.468 |  130.499 |  -58.731 | Time:   62.50
Phase data:  -35.939 |  117.809 |  -68.471 | Time:   62.60
Phase data:  -20.218 |  116.242 |  -84.624 | Time:   62.70
Phase data:  -13.522 |  118.927 |  -88.105 | Time:   62.80
Phase data:    2.232 |  114.303 |  -99.135 | Time:   62.90
Phase data:    8.125 |  106.622 | -105.747 | Time:   63.00
Phase data:   27.437 |   97.146 | -111.982 | Time:   63.10
Phase data:   34.048 |   94.446 | -110.694 | Time:   63.20
Phase data:   45.343 |   82.403 | -107.446 | Time:   63.30
Phase data:   60.406 |   73.707 | -115.813 | Time:   63.40
Phase data:   71.929 |   57.154 | -117.683 | Time:   63.50
Phase data:   79.507 |   49.448 | -116.555 | Time:   63.60
Phase data:   86.742 |   33.599 | -113.641 | Time:   63.70
Phase data:   96.945 |   23.418 | -102.164 | Time:   63.80
Phase data:   99.233 |   17.724 | -101.857 | Time:   63.90
Phase data:  107.534 |    5.734 | -101.968 | Time:   64.00
Phase data:  114.884 |  -10.731 |  -90.454 | Time:   64.10
Phase data:  118.731 |  -21.052 |  -85.480 | Time:   64.20
Phase data:  127.135 |  -31.210 |  -70.725 | Time:   64.30
Phase data:  127.363 |  -48.091 |  -65.273 | Time:   64.40
Phase data:  131.199 |  -52.082 |  -53.418 | Time:   64.50
Phase data:  120.837 |  -68.977 |  -38.460 | Time:   64.60
Phase data:  120.480 |  -74.975 |  -26.806 | Time:   64.70
Phase data:  119.549 |  -78.182 |  -25.267 | Time:   64.80
Phase data:  114.370 |  -85.511 |   -5.259 | Time:   64.90
Phase data:  114.886 | -101.787 |    2.200 | Time:   65.00
Phase data:  109.448 | -103.840 |   17.092 | Time:   65.10
Phase data:   94.918 | -105.114 |   22.196 | Time:   65.20
Phase data:   89.569 | -111.862 |   39.693 | Time:   65.30
Phase data:   76.782 | -118.248 |   51.166 | Time:   65.40
Phase data:   72.146 | -108.248 |   57.702 | Time:   65.50
Phase data:   55.960 | -119.652 |   68.891 | Time:   65.60
Phase data:   44.227 | -116.357 |   82.930 | Time:   65.70
Phase data:   32.556 | -109.178 |   88.722 | Time:   65.80
Phase data:   21.760 | -102.736 |   94.976 | Time:   65.90
Phase data:   19.057 | -100.568 |  101.911 | Time:   66.00
Phase data:    0.466 |  -97.420 |  111.555 | Time:   66.10
Phase data:   -3.194 |  -87.750 |  112.345 | Time:   66.20
Phase data:  -26.303 |  -86.326 |  120.829 | Time:   66.30
Phase data:  -31.344 |  -75.823 |  123.468 | Time:   66.40
Phase data:  -47.100 |  -60.130 |  124.030 | Time:   66.50
Phase data:  -54.661 |  -48.838 |  124.100 | Time:   66.60
Phase data:  -60.920 |  -37.750 |  124.970 | Time:   66.70
Phase data:  -74.976 |  -27.272 |  129.448 | Time:   66.80
Phase data:  -78.536 |  -14.715 |  124.551 | Time:   66.90
Phase data:  -84.014 |   -5.495 |  115.110 | Time:   67.00
Phase data: -100.034 |   -1.931 |  113.965 | Time:   67.10
Phase data:  -99.629 |   21.159 |  103.470 | Time:   67.20
Phase data: -103.341 |   32.854 |   96.887 | Time:   67.30
Phase data: -112.725 |   39.636 |   91.289 | Time:   67.40
Phase data: -110.046 |   53.588 |   79.958 | Time:   67.50
Phase data: -118.480 |   57.297 |   68.284 | Time:   67.60
Phase data: -114.317 |   77.053 |   57.164 | Time:   67.70
Phase data: -107.456 |   79.552 |   44.004 | Time:   67.80
Phase data: -105.111 |   85.399 |   32.312 | Time:   67.90
Phase data: -104.305 |   93.404 |   28.801 | Time:   68.00
Phase data: -107.676 |  103.186 |   17.590 | Time:   68.10
Phase data:  -93.070 |  117.272 |    4.498 | Time:   68.20
Phase data:  -93.645 |  120.002 |   -8.657 | Time:   68.30
Phase data:  -81.369 |  114.924 |  -25.855 | Time:   68.40
Phase data:  -76.720 |  126.597 |  -28.977 | Time:   68.50
Phase data:  -61.685 |  128.894 |  -50.108 | Time:   68.60
Phase data:  -47.758 |  122.896 |  -50.038 | Time:   68.70
Phase data:  -46.839 |  120.500 |  -68.660 | Time:   68.80
Phase data:  -34.737 |  117.611 |  -76.875 | Time:   68.90
Phase data:  -23.462 |  122.050 |  -84.388 | Time:   69.00
Phase data:   -2.931 |  117.146 |  -89.215 | Time:   69.10
Phase data:    5.638 |  108.842 |  -96.379 | Time:   69.20
Phase data:   14.025 |  103.190 | -105.715 | Time:   69.30
Phase data:   32.212 |  101.954 | -110.266 | Time:   69.40
Phase data:   45.578 |   83.707 | -105.685 | Time:   69.50
Phase data:   54.309 |   81.432 | -110.541 | Time:   69.60
Phase data:   64.489 |   71.019 | -109.508 | Time:   69.70
Phase data:   73.611 |   61.466 | -108.178 | Time:   69.80
Phase data:   85.471 |   52.979 | -107.351 | Time:   69.90
Phase data:   85.674 |   42.966 | -109.940 | Time:   70.00
Phase data:   97.229 |   29.341 | -111.271 | Time:   70.10
Phase data:  111.457 |   13.023 | -102.480 | Time:   70.20
Phase data:  112.186 |    4.129 |  -92.616 | Time:   70.30
Phase data:  119.356 |   -9.620 |  -86.936 | Time:   70.40
Phase data:  125.514 |  -22.305 |  -79.109 | Time:   70.50
Phase data:  127.223 |  -37.309 |  -74.814 | Time:   70.60
Phase data:  124.453 |  -39.715 |  -59.038 | Time:   70.70
Phase data:  122.489 |  -55.714 |  -52.975 | Time:   70.80
Phase data:  121.426 |  -67.999 |  -44.627 | Time:   70.90
Phase data:  117.771 |  -77.171 |  -33.601 | Time:   71.00
Phase data:  120.646 |  -81.937 |  -24.109 | Time:   71.10
Phase data:  116.579 |  -90.012 |   -7.567 | Time:   71.20
Phase data:  116.315 | -103.221 |    1.006 | Time:   71.30
Phase data:  106.106 | -100.598 |   18.991 | Time:   71.40
Phase data:   94.517 | -106.686 |   24.069 | Time:   71.50
Phase data:   94.022 | -113.442 |   38.120 | Time:   71.60
Phase data:   76.304 | -111.531 |   48.528 | Time:   71.70
Phase data:   64.153 | -110.032 |   65.180 | Time:   71.80
Phase data:   58.468 | -119.635 |   78.068 | Time:   71.90
Phase data:   50.653 | -106.542 |   78.388 | Time:   72.00
Phase data:   41.420 | -110.266 |   94.446 | Time:   72.10
Phase data:   29.882 | -111.733 |   96.451 | Time:   72.20
Phase data:   11.556 |  -95.881 |  103.626 | Time:   72.30
Phase data:    1.061 |  -93.958 |  117.197 | Time:   72.40
Phase data:  -15.482 |  -83.223 |  117.006 | Time:   72.50
Phase data:  -25.855 |  -76.546 |  123.401 | Time:   72.60
Phase data:  -33.439 |  -77.606 |  121.545 | Time:   72.70
Phase data:  -42.420 |  -67.288 |  121.009 | Time:   72.80
Phase data:  -57.087 |  -52.390 |  120.778 | Time:   72.90
Phase data:  -67.735 |  -44.812 |  119.748 | Time:   73.00
Phase data:  -75.665 |  -34.663 |  122.528 | Time:   73.10
Phase data:  -86.883 |  -23.954 |  119.637 | Time:   73.20
Phase data:  -92.006 |   -8.102 |  114.609 | Time:   73.30
Phase data:  -95.260 |    9.275 |  104.485 | Time:   73.40
Phase data: -101.877 |   22.858 |  108.320 | Time:   73.50
Phase data: -113.504 |   25.826 |   98.778 | Time:   73.60
Phase data: -109.495 |   43.560 |   90.535 | Time:   73.70
Phase data: -108.119 |   51.846 |   81.473 | Time:   73.80
Phase data: -108.453 |   67.669 |   65.284 | Time:   73.90
Phase data: -119.389 |   69.323 |   56.367 | Time:   74.00
Phase data: -118.029 |   84.403 |   46.626 | Time:   74.10
Phase data: -110.788 |   95.215 |   34.873 | Time:   74.20
Phase data: -101.292 |   96.271 |   26.721 | Time:   74.30
Phase data: -104.179 |  110.991 |   12.588 | Time:   74.40
Phase data:  -97.898 |  111.505 |   -0.807 | Time:   74.50
Phase data:  -93.109 |  115.753 |  -10.244 | Time:   74.60
Phase data:  -76.681 |  126.985 |  -25.403 | Time:   74.70
Phase data:  -72.095 |  128.563 |  -31.968 | Time:   74.80
Phase data:  -66.537 |  128.761 |  -45.223 | Time:   74.90
Phase data:  -53.904 |  128.663 |  -53.759 | Time:   75.00
Phase data:  -39.097 |  127.167 |  -68.870 | Time:   75.10
Phase data:  -35.325 |  117.881 |  -80.556 | Time:   75.20
Phase data:  -19.499 |  125.126 |  -87.127 | Time:   75.30
Phase data:  -11.837 |  111.434 |  -97.098 | Time:   75.40
Phase data:    6.544 |  108.151 |  -98.795 | Time:   75.50
Phase data:   23.623 |  102.430 | -100.153 | Time:   75.60
Phase data:   30.181 |   91.436 | -105.817 | Time:   75.70
Phase data:   45.199 |   87.345 | -111.444 | Time:   75.80
Phase data:   52.662 |   79.240 | -116.302 | Time:   75.90
Phase data:   58.256 |   72.013 | -108.470 | Time:   76.00
Phase data:   77.275 |   56.164 | -112.039 | Time:   76.10
Phase data:   78.415 |   45.197 | -109.613 | Time:   76.20
Phase data:   87.482 |   37.124 | -108.306 | Time:   76.30
Phase data:   97.588 |   25.459 | -103.147 | Time:   76.40
Phase data:  104.953 |    7.119 | -105.873 | Time:   76.50
Phase data:  115.409 |   -6.175 |  -95.534 | Time:   76.60
Phase data:  116.796 |  -11.805 |  -86.891 | Time:   76.70
Phase data:  116.665 |  -26.751 |  -85.014 | Time:   76.80
Phase data:  124.078 |  -32.396 |  -69.882 | Time:   76.90
Phase data:  128.309 |  -42.826 |  -62.584 | Time:   77.00
Phase data:  127.245 |  -56.729 |  -47.816 | Time:   77.10
Phase data:  121.082 |  -66.302 |  -45.280 | Time:   77.20
Phase data:  126.630 |  -74.145 |  -26.885 | Time:   77.30
Phase data:  118.411 |  -79.768 |  -19.243 | Time:   77.40
Phase data:  110.357 |  -95.986 |   -6.471 | Time:   77.50
Phase data:  104.714 |  -94.827 |    5.812 | Time:   77.60
Phase data:  103.137 | -107.325 |   23.588 | Time:   77.70
Phase data:   89.392 | -111.427 |   26.836 | Time:   77.80
Phase data:   81.553 | -108.690 |   46.837 | Time:   77.90
Phase data:   78.305 | -114.882 |   55.877 | Time:   78.00
Phase data:   72.841 | -108.283 |   60.342 | Time:   78.10
Phase data:   58.460 | -118.585 |   77.225 | Time:   78.20
Phase data:   47.268 | -107.093 |   81.925 | Time:   78.30
Phase data:   31.675 | -112.221 |   89.446 | Time:   78.40
Phase data:   22.898 | -107.698 |   99.201 | Time:   78.50
Phase data:   15.652 | -101.464 |  103.612 | Time:   78.60
Phase data:   -4.043 |  -89.867 |  111.110 | Time:   78.70
Phase data:  -17.165 |  -82.770 |  118.636 | Time:   78.80
Phase data:  -27.398 |  -74.943 |  118.041 | Time:   78.90
Phase data:  -41.023 |  -71.466 |  124.089 | Time:   79.00
Phase data:  -44.325 |  -63.428 |  125.154 | Time:   79.10
Phase data:  -52.696 |  -45.826 |  125.622 | Time:   79.20
Phase data:  -65.731 |  -39.661 |  123.493 | Time:   79.30
Phase data:  -70.831 |  -26.044 |  123.475 | Time:   79.40
Phase data:  -88.305 |  -20.286 |  123.692 | Time:   79.50
Phase data:  -91.772 |  -10.305 |  111.277 | Time:   79.60
Phase data:  -96.756 |    4.782 |  103.975 | Time:   79.70
Phase data:  -98.194 |   17.853 |  106.842 | Time:   79.80
Phase data: -108.734 |   32.290 |   97.444 | Time:   79.90
Phase data: -110.432 |   45.175 |   80.858 | Time:   80.00
Phase data: -118.658 |   53.291 |   74.668 | Time:   80.10
Phase data: -114.692 |   63.026 |   63.167 | Time:   80.20
Phase data: -108.528 |   68.974 |   57.454 | Time:   80.30
Phase data: -115.069 |   89.432 |   42.337 | Time:   80.40
Phase data: -105.433 |   88.807 |   32.126 | Time:   80.50
Phase data: -102.947 |  102.312 |   20.535 | Time:   80.60
Phase data:  -96.152 |  105.168 |   11.084 | Time:   80.70
Phase data:  -89.998 |  110.008 |    3.590 | Time:   80.80
Phase data:  -84.547 |  120.272 |  -14.125 | Time:   80.90
Phase data:  -80.770 |  118.014 |  -29.544 | Time:   81.00
Phase data:  -71.348 |  121.096 |  -36.548 | Time:   81.10
Phase data:  -58.171 |  127.695 |  -43.324 | Time:   81.20
Phase data:  -46.634 |  125.997 |  -54.562 | Time:   81.30
Phase data:  -41.642 |  127.700 |  -65.258 | Time:   81.40
Phase data:  -28.202 |  123.117 |  -73.415 | Time:   81.50
Phase data:  -12.229 |  114.970 |  -87.040 | Time:   81.60
Phase data:   -7.939 |  119.392 |  -90.954 | Time:   81.70
Phase data:   11.050 |  111.531 |  -95.681 | Time:   81.80
Phase data:   21.617 |  100.143 | -105.860 | Time:   81.90
Phase data:   27.043 |   96.393 | -108.037 | Time:   82.00
Phase data:   40.610 |   91.360 | -109.170 | Time:   82.10
Phase data:   57.302 |   77.028 | -115.130 | Time:   82.20
Phase data:   66.608 |   63.290 | -110.398 | Time:   82.30
Phase data:   73.620 |   55.747 | -112.967 | Time:   82.40
Phase data:   79.037 |   49.904 | -117.442 | Time:   82.50
Phase data:   96.566 |   35.874 | -113.440 | Time:   82.60
Phase data:   96.720 |   25.172 |  -99.292 | Time:   82.70
Phase data:  110.421 |    9.315 |  -97.436 | Time:   82.80
Phase data:  113.602 |   -7.178 |  -87.925 | Time:   82.90
Phase data:  121.905 |  -18.685 |  -84.820 | Time:   83.00
Phase data:  119.983 |  -28.089 |  -78.094 | Time:   83.10
Phase data:  118.700 |  -42.872 |  -74.728 | Time:   83.20
Phase data:  123.332 |  -46.621 |  -63.111 | Time:   83.30
Phase data:  120.967 |  -53.626 |  -46.841 | Time:   83.40
Phase data:  125.604 |  -64.084 |  -37.621 | Time:   83.50
Phase data:  122.755 |  -75.996 |  -30.460 | Time:   83.60
Phase data:  119.944 |  -83.573 |  -21.071 | Time:   83.70
Phase data:  114.805 |  -94.533 |   -4.072 | Time:   83.80
Phase data:  105.385 |  -95.904 |    9.218 | Time:   83.90
Phase data:   97.341 | -103.722 |   22.881 | Time:   84.00
Phase data:   97.041 | -104.837 |   26.696 | Time:   84.10
Phase data:   81.661 | -107.705 |   38.945 | Time:   84.20
Phase data:   71.886 | -118.799 |   57.113 | Time:   84.30
Phase data:   64.212 | -119.000 |   66.188 | Time:   84.40
Phase data:   49.738 | -111.502 |   74.864 | Time:   84.50
Phase data:   44.271 | -116.111 |   91.039 | Time:   84.60
Phase data:   35.023 | -106.045 |   95.822 | Time:   84.70
Phase data:   22.409 | -107.233 |  107.224 | Time:   84.80
Phase data:    3.547 |  -99.917 |  110.670 | Time:   84.90
Phase data:   -2.744 |  -92.049 |  110.393 | Time:   85.00
Phase data:  -19.343 |  -88.591 |  112.834 | Time:   85.10
Phase data:  -31.633 |  -79.016 |  125.448 | Time:   85.20
Phase data:  -42.195 |  -68.205 |  127.600 | Time:   85.30
Phase data:  -46.116 |  -54.249 |  129.766 | Time:   85.40
Phase data:  -62.988 |  -44.245 |  124.834 | Time:   85.50
Phase data:  -67.906 |  -39.198 |  125.204 | Time:   85.60
Phase data:  -77.274 |  -20.215 |  119.390 | Time:   85.70
Phase data:  -90.402 |  -12.812 |  118.315 | Time:   85.80
Phase data:  -98.109 |   -1.005 |  118.214 | Time:   85.90
Phase data:  -96.123 |    5.387 |  106.636 | Time:   86.00
Phase data:  -99.881 |   19.145 |  102.237 | Time:   86.10
Phase data: -103.932 |   31.248 |   99.085 | Time:   86.20
Phase data: -110.536 |   43.879 |   84.958 | Time:   86.30
Phase data: -115.264 |   51.922 |   74.143 | Time:   86.40
Phase data: -118.698 |   64.166 |   62.332 | Time:   86.50
Phase data: -112.933 |   81.406 |   55.128 | Time:   86.60
Phase data: -116.476 |   84.740 |   43.937 | Time:   86.70
Phase data: -111.045 |   94.275 |   27.171 | Time:   86.80
Phase data: -101.871 |  103.326 |   22.845 | Time:   86.90
Phase data:  -98.295 |  106.717 |   12.078 | Time:   87.00
Phase data:  -87.370 |  111.381 |   -9.011 | Time:   87.10
Phase data:  -85.959 |  114.060 |  -16.901 | Time:   87.20
Phase data:  -78.135 |  124.010 |  -23.475 | Time:   87.30
Phase data:  -63.081 |  129.696 |  -33.616 | Time:   87.40
Phase data:  -61.486 |  120.095 |  -52.809 | Time:   87.50
Phase data:  -48.149 |  126.397 |  -65.147 | Time:   87.60
Phase data:  -31.474 |  125.301 |  -70.727 | Time:   87.70
Phase data:  -25.671 |  126.321 |  -73.850 | Time:   87.80
Phase data:  -12.753 |  119.082 |  -87.529 | Time:   87.90
Phase data:   -4.938 |  108.220 |  -91.482 | Time:   88.00
Phase data:    4.155 |  112.883 |  -95.538 | Time:   88.10
Phase data:   16.907 |   99.529 | -100.436 | Time:   88.20
Phase data:   33.498 |   96.726 | -108.925 | Time:   88.30
Phase data:   42.110 |   86.253 | -113.664 | Time:   88.40
Phase data:   52.429 |   79.596 | -115.025 | Time:   88.50
Phase data:   65.042 |   63.250 | -109.693 | Time:   88.60
Phase data:   75.845 |   51.916 | -114.061 | Time:   88.70
Phase data:   89.237 |   45.701 | -114.638 | Time:   88.80
Phase data:   96.525 |   28.317 | -104.843 | Time:   88.90
Phase data:  108.425 |   18.580 | -100.806 | Time:   89.00
Phase data:  111.360 |    6.709 |  -96.270 | Time:   89.10
Phase data:  115.365 |   -4.478 |  -98.088 | Time:   89.20
Phase data:  118.583 |  -11.459 |  -81.124 | Time:   89.30
Phase data:  127.269 |  -33.218 |  -77.051 | Time:   89.40
Phase data:  121.789 |  -42.636 |  -69.353 | Time:   89.50
Phase data:  126.521 |  -50.402 |  -55.920 | Time:   89.60
Phase data:  124.656 |  -56.705 |  -42.451 | Time:   89.70
Phase data:  128.494 |  -69.545 |  -35.449 | Time:   89.80
Phase data:  115.848 |  -83.624 |  -21.025 | Time:   89.90
Phase data:  121.546 |  -91.653 |  -16.893 | Time:   90.00
Phase data:  113.223 |  -90.552 |    0.229 | Time:   90.10
Phase data:  102.927 | -102.751 |    6.224 | Time:   90.20
Phase data:   96.218 | -103.288 |   28.270 | Time:   90.30
Phase data:   97.365 | -108.614 |   28.948 | Time:   90.40
Phase data:   82.246 | -108.488 |   42.341 | Time:   90.50
Phase data:   76.148 | -116.283 |   59.335 | Time:   90.60
Phase data:   61.067 | -111.683 |   67.717 | Time:   90.70
Phase data:   48.303 | -113.585 |   72.283 | Time:   90.80
Phase data:   43.164 | -111.496 |   83.032 | Time:   90.90
Phase data:   28.563 | -111.736 |   92.073 | Time:   91.00
Phase data:   18.916 | -101.536 |   97.221 | Time:   91.10
Phase data:    2.341 |  -94.641 |  106.500 | Time:   91.20
Phase data:   -8.943 |  -87.302 |  120.046 | Time:   91.30
Phase data:  -21.316 |  -81.186 |  119.201 | Time:   91.40
Phase data:  -32.558 |  -81.365 |  119.223 | Time:   91.50
Phase data:  -42.254 |  -64.423 |  124.778 | Time:   91.60
Phase data:  -44.891 |  -52.552 |  121.244 | Time:   91.70
Phase data:  -61.161 |  -42.050 |  126.611 | Time:   91.80
Phase data:  -70.960 |  -36.122 |  118.883 | Time:   91.90
Phase data:  -78.494 |  -20.678 |  117.872 | Time:   92.00
Phase data:  -83.773 |  -14.832 |  121.506 | Time:   92.10
Phase data:  -91.219 |   -1.303 |  114.422 | Time:   92.20
Phase data: -106.260 |   12.092 |  107.068 | Time:   92.30
Phase data: -100.137 |   25.732 |   96.705 | Time:   92.40
Phase data: -111.099 |   38.898 |   89.601 | Time:   92.50
Phase data: -112.208 |   42.072 |   88.637 | Time:   92.60
Phase data: -108.737 |   53.039 |   77.698 | Time:   92.70
Phase data: -119.771 |   68.690 |   66.181 | Time:   92.80
Phase data: -112.706 |   83.518 |   48.088 | Time:   92.90
Phase data: -110.851 |   87.825 |   46.326 | Time:   93.00
Phase data: -105.426 |   93.918 |   25.608 | Time:   93.10
Phase data: -103.364 |   97.914 |   18.951 | Time:   93.20
Phase data: -103.309 |  104.837 |    1.572 | Time:   93.30
Phase data:  -91.614 |  120.923 |   -2.909 | Time:   93.40
Phase data:  -81.545 |  116.817 |  -17.071 | Time:   93.50
Phase data:  -81.677 |  125.174 |  -28.098 | Time:   93.60
Phase data:  -61.292 |  126.263 |  -38.871 | Time:   93.70
Phase data:  -54.283 |  126.562 |  -55.279 | Time:   93.80
Phase data:  -48.049 |  120.663 |  -66.914 | Time:   93.90
Phase data:  -35.794 |  125.468 |  -70.074 | Time:   94.00
Phase data:  -25.531 |  119.192 |  -75.562 | Time:   94.10
Phase data:  -12.972 |  120.663 |  -82.791 | Time:   94.20
Phase data:    4.965 |  116.417 |  -89.583 | Time:   94.30
Phase data:   17.560 |  104.406 |  -96.766 | Time:   94.40
Phase data:   26.393 |  105.088 | -111.381 | Time:   94.50
Phase data:   32.045 |   97.134 | -106.980 | Time:   94.60
Phase data:   50.700 |   86.824 | -114.424 | Time:   94.70
Phase data:   56.741 |   73.545 | -109.187 | Time:   94.80
Phase data:   68.560 |   67.293 | -109.254 | Time:   94.90
Phase data:   79.151 |   49.671 | -113.022 | Time:   95.00
Phase data:   83.414 |   41.586 | -107.901 | Time:   95.10
Phase data:   90.260 |   34.752 | -107.613 | Time:   95.20
Phase data:  108.003 |   21.685 | -106.189 | Time:   95.30
Phase data:  112.971 |    9.103 |  -97.774 | Time:   95.40
Phase data:  116.497 |   -7.275 |  -91.823 | Time:   95.50
Phase data:  120.429 |  -16.927 |  -84.802 | Time:   95.60
Phase data:  120.222 |  -31.937 |  -78.486 | Time:   95.70
Phase data:  125.345 |  -38.787 |  -63.058 | Time:   95.80
Phase data:  123.877 |  -55.766 |  -55.712 | Time:   95.90
Phase data:  122.211 |  -59.566 |  -41.745 | Time:   96.00
Phase data:  126.750 |  -68.285 |  -36.765 | Time:   96.10
Phase data:  120.209 |  -77.827 |  -25.882 | Time:   96.20
Phase data:  122.316 |  -87.407 |  -16.610 | Time:   96.30
Phase data:  107.510 |  -97.543 |    4.133 | Time:   96.40
Phase data:  107.341 |  -97.369 |    9.327 | Time:   96.50
Phase data:   93.669 | -107.723 |   28.654 | Time:   96.60
Phase data:   89.666 | -109.158 |   31.693 | Time:   96.70
Phase data:   82.710 | -117.537 |   51.527 | Time:   96.80
Phase data:   69.991 | -115.033 |   63.942 | Time:   96.90
Phase data:   65.205 | -113.333 |   71.129 | Time:   97.00
Phase data:   52.054 | -115.635 |   78.381 | Time:   97.10
Phase data:   43.547 | -109.348 |   84.102 | Time:   97.20
Phase data:   34.196 | -107.895 |   98.499 | Time:   97.30
Phase data:   10.819 | -102.209 |  108.790 | Time:   97.40
Phase data:    8.134 | -101.635 |  112.201 | Time:   97.50
Phase data:   -1.239 |  -95.428 |  121.068 | Time:   97.60
Phase data:  -15.981 |  -83.455 |  119.937 | Time:   97.70
Phase data:  -26.374 |  -80.691 |  123.965 | Time:   97.80
Phase data:  -40.701 |  -69.021 |  129.823 | Time:   97.90
Phase data:  -52.450 |  -50.338 |  125.188 | Time:   98.00
Phase data:  -66.915 |  -46.040 |  127.255 | Time:   98.10
Phase data:  -72.093 |  -37.734 |  121.028 | Time:   98.20
Phase data:  -79.890 |  -27.532 |  123.022 | Time:   98.30
Phase data:  -92.718 |  -15.747 |  113.766 | Time:   98.40
Phase data:  -89.701 |    4.802 |  110.399 | Time:   98.50
Phase data:  -99.868 |   15.895 |  104.873 | Time:   98.60
Phase data: -105.461 |   24.814 |  103.447 | Time:   98.70
Phase data: -104.033 |   34.039 |   95.494 | Time:   98.80
Phase data: -112.646 |   52.553 |   76.993 | Time:   98.90
Phase data: -115.376 |   56.842 |   77.734 | Time:   99.00
Phase data: -111.009 |   68.396 |   60.214 | Time:   99.10
Phase data: -115.044 |   84.310 |   50.535 | Time:   99.20
Phase data: -110.392 |   87.687 |   40.005 | Time:   99.30
Phase data: -111.075 |   97.936 |   28.240 | Time:   99.40
Phase data: -103.927 |  104.474 |   13.653 | Time:   99.50
Phase data:  -94.794 |  106.428 |    9.266 | Time:   99.60
Phase data:  -95.231 |  117.835 |  -10.003 | Time:   99.70
Phase data:  -76.907 |  121.942 |  -18.935 | Time:   99.80
Phase data:  -70.495 |  118.806 |  -33.310 | Time:   99.90
Phase data:  -60.883 |  124.297 |  -41.213 | Time:  100.00
Phase data:  -52.163 |  121.096 |  -47.533 | Time:  100.10
Phase data:  -50.034 |  124.496 |  -59.862 | Time:  100.20
Phase data:  -33.303 |  129.002 |  -76.499 | Time:  100.30
Phase data:  -16.282 |  116.231 |  -79.150 | Time:  100.40
Phase data:  -11.085 |  116.112 |  -93.727 | Time:  100.50
Phase data:    3.670 |  107.185 |  -98.855 | Time:  100.60
Phase data:   14.762 |  101.401 |  -97.763 | Time:  100.70
Phase data:   30.474 |   93.222 | -107.696 | Time:  100.80
Phase data:   36.084 |   94.819 | -109.904 | Time:  100.90
Phase data:   50.578 |   83.074 | -108.152 | Time:  101.00
Phase data:   56.839 |   70.175 | -108.215 | Time:  101.10
Phase data:   66.060 |   60.021 | -115.281 | Time:  101.20
Phase data:   85.236 |   54.114 | -115.750 | Time:  101.30
Phase data:   83.669 |   41.263 | -112.132 | Time:  101.40
Phase data:   99.369 |   22.381 | -103.451 | Time:  101.50
Phase data:  108.054 |   17.986 |  -98.241 | Time:  101.60
Phase data:  116.652 |    0.597 |  -91.549 | Time:  101.70
Phase data:  119.899 |  -13.668 |  -84.031 | Time:  101.80
Phase data:  116.843 |  -21.988 |  -78.655 | Time:  101.90
Phase data:  125.242 |  -26.046 |  -75.097 | Time:  102.00
Phase data:  125.567 |  -46.525 |  -61.243 | Time:  102.10
Phase data:  125.000 |  -55.715 |  -59.285 | Time:  102.20
Phase data:  128.233 |  -67.608 |  -38.826 | Time:  102.30
Phase data:  129.473 |  -77.503 |  -31.470 | Time:  102.40
Phase data:  118.838 |  -78.307 |  -18.931 | Time:  102.50
Phase data:  111.456 |  -89.534 |  -11.422 | Time:  102.60
Phase data:  115.568 |  -96.806 |    2.938 | Time:  102.70
Phase data:  108.527 | -105.756 |   15.729 | Time:  102.80
Phase data:  100.394 | -108.927 |   31.933 | Time:  102.90
Phase data:   89.142 | -104.671 |   43.429 | Time:  103.00
Phase data:   84.752 | -113.653 |   44.501 | Time:  103.10
Phase data:   72.115 | -110.650 |   58.735 | Time:  103.20
Phase data:   62.727 | -113.850 |   70.523 | Time:  103.30
Phase data:   49.792 | -112.852 |   81.960 | Time:  103.40
Phase data:   33.520 | -106.368 |   87.749 | Time:  103.50
Phase data:   29.023 | -102.823 |  101.900 | Time:  103.60
Phase data:    8.920 | -100.852 |  101.832 | Time:  103.70
Phase data:    2.228 |  -98.601 |  110.372 | Time:  103.80
Phase data:  -14.831 |  -95.328 |  119.459 | Time:  103.90
Phase data:  -16.240 |  -82.300 |  122.340 | Time:  104.00
Phase data:  -29.479 |  -75.795 |  118.275 | Time:  104.10
Phase data:  -40.734 |  -60.199 |  129.234 | Time:  104.20
Phase data:  -59.393 |  -54.106 |  123.800 | Time:  104.30
Phase data:  -64.850 |  -38.116 |  128.166 | Time:  104.40
Phase data:  -79.004 |  -37.836 |  124.240 | Time:  104.50
Phase data:  -84.461 |  -18.778 |  118.340 | Time:  104.60
Phase data:  -94.237 |   -7.658 |  121.395 | Time:  104.70
Phase data:  -99.154 |   -2.293 |  107.947 | Time:  104.80
Phase data:  -99.845 |   21.197 |  101.049 | Time:  104.90
Phase data: -108.454 |   31.091 |   98.463 | Time:  105.00
Phase data: -116.334 |   39.773 |   93.662 | Time:  105.10
Phase data: -106.851 |   48.023 |   82.229 | Time:  105.20
Phase data: -110.982 |   59.130 |   65.252 | Time:  105.30
Phase data: -119.114 |   74.984 |   65.731 | Time:  105.40
Phase data: -109.050 |   84.582 |   53.969 | Time:  105.50
Phase data: -112.701 |   85.326 |   37.375 | Time:  105.60
Phase data: -106.092 |   94.328 |   31.664 | Time:  105.70
Phase data: -103.159 |  105.107 |   20.053 | Time:  105.80
Phase data:  -95.350 |  106.990 |    6.960 | Time:  105.90
Phase data:  -86.322 |  116.616 |   -7.294 | Time:  106.00
Phase data:  -83.643 |  119.934 |  -24.391 | Time:  106.10
Phase data:  -77.492 |  122.704 |  -33.012 | Time:  106.20
Phase data:  -60.954 |  121.297 |  -41.142 | Time:  106.30
Phase data:  -50.825 |  121.696 |  -55.271 | Time:  106.40
Phase data:  -41.305 |  129.696 |  -67.991 | Time:  106.50
Phase data:  -32.001 |  118.404 |  -77.102 | Time:  106.60
Phase data:  -14.826 |  120.939 |  -84.413 | Time:  106.70
Phase data:   -3.394 |  121.331 |  -87.337 | Time:  106.80
Phase data:    7.675 |  110.723 |  -93.599 | Time:  106.90
Phase data:   18.563 |  100.368 | -105.531 | Time:  107.00
