Length = 16
Receive noise =    0.100
Receive time step =    0.100
Receive frequency =   20.000
Receive debug =    1.000
Python address = 192.168.42.8
Python port = 55287
Send noise =    0.100
Send time step =    0.100
Send frequency =   20.000
Send debug =    1.000
Generator address = 127.0.0.1
Generator port = 5367
Phase values :   10.300 |  108.523 |  -98.223 | Time (s):     0.10
Phase values :   23.480 |  108.714 | -103.894 | Time (s):     0.20
Phase values :   34.440 |   91.131 | -112.872 | Time (s):     0.30
Phase values :   41.562 |   81.750 | -110.313 | Time (s):     0.40
Phase values :   51.730 |   74.254 | -110.785 | Time (s):     0.50
Phase values :   62.131 |   68.436 | -113.367 | Time (s):     0.60
Phase values :   72.957 |   53.493 | -118.550 | Time (s):     0.70
Phase values :   78.106 |   49.532 | -111.238 | Time (s):     0.80
Phase values :   92.283 |   34.362 | -109.245 | Time (s):     0.90
Phase values :   98.299 |   24.300 | -106.099 | Time (s):     1.00
Phase values :  109.877 |    9.862 |  -96.438 | Time (s):     1.10
Phase values :  108.745 |   -3.433 |  -91.911 | Time (s):     1.20
Phase values :  119.145 |  -16.665 |  -84.480 | Time (s):     1.30
Phase values :  123.827 |  -23.114 |  -76.313 | Time (s):     1.40
Phase values :  120.354 |  -29.563 |  -66.390 | Time (s):     1.50
Phase values :  129.399 |  -48.699 |  -62.801 | Time (s):     1.60
Phase values :  123.449 |  -54.009 |  -51.640 | Time (s):     1.70
Phase values :  123.600 |  -63.790 |  -44.110 | Time (s):     1.80
Phase values :  128.462 |  -78.742 |  -28.619 | Time (s):     1.90
Phase values :  118.556 |  -82.775 |  -23.081 | Time (s):     2.00
Phase values :  119.616 |  -93.305 |   -6.911 | Time (s):     2.10
Phase values :  112.285 |  -98.658 |    7.173 | Time (s):     2.20
Phase values :  101.620 | -108.769 |   19.949 | Time (s):     2.30
Phase values :   91.185 | -105.584 |   25.999 | Time (s):     2.40
Phase values :   91.256 | -106.660 |   37.504 | Time (s):     2.50
Phase values :   80.517 | -111.766 |   51.749 | Time (s):     2.60
Phase values :   62.160 | -108.981 |   58.820 | Time (s):     2.70
Phase values :   56.086 | -115.997 |   78.111 | Time (s):     2.80
Phase values :   46.999 | -115.618 |   78.119 | Time (s):     2.90
Phase values :   29.810 | -107.860 |   94.450 | Time (s):     3.00
Phase values :   18.134 | -105.350 |  106.016 | Time (s):     3.10
Phase values :    9.790 | -104.428 |  106.538 | Time (s):     3.20
Phase values :    3.595 |  -93.643 |  112.648 | Time (s):     3.30
Phase values :  -13.029 |  -85.657 |  113.087 | Time (s):     3.40
Phase values :  -23.265 |  -79.340 |  126.505 | Time (s):     3.50
Phase values :  -33.994 |  -74.573 |  124.566 | Time (s):     3.60
Phase values :  -41.402 |  -65.443 |  124.945 | Time (s):     3.70
Phase values :  -51.980 |  -50.247 |  127.927 | Time (s):     3.80
Phase values :  -64.823 |  -45.388 |  129.411 | Time (s):     3.90
Phase values :  -73.632 |  -33.775 |  122.607 | Time (s):     4.00
Phase values :  -86.816 |  -21.621 |  124.437 | Time (s):     4.10
Phase values :  -94.493 |   -4.941 |  109.934 | Time (s):     4.20
Phase values :  -96.489 |    4.845 |  110.144 | Time (s):     4.30
Phase values : -109.240 |   22.017 |   98.222 | Time (s):     4.40
Phase values : -112.492 |   28.457 |   95.635 | Time (s):     4.50
Phase values : -116.804 |   47.345 |   88.859 | Time (s):     4.60
Phase values : -113.343 |   58.366 |   80.077 | Time (s):     4.70
Phase values : -108.891 |   67.908 |   64.183 | Time (s):     4.80
Phase values : -113.240 |   74.763 |   53.677 | Time (s):     4.90
Phase values : -113.094 |   81.130 |   43.064 | Time (s):     5.00
Phase values : -105.071 |   93.914 |   31.657 | Time (s):     5.10
Phase values : -102.798 |  104.629 |   24.769 | Time (s):     5.20
Phase values :  -97.415 |  106.797 |    4.418 | Time (s):     5.30
Phase values :  -96.372 |  113.448 |    1.124 | Time (s):     5.40
Phase values :  -88.332 |  119.125 |  -19.493 | Time (s):     5.50
Phase values :  -73.665 |  123.279 |  -21.314 | Time (s):     5.60
Phase values :  -68.352 |  118.875 |  -34.323 | Time (s):     5.70
Phase values :  -62.683 |  130.487 |  -48.104 | Time (s):     5.80
Phase values :  -49.453 |  125.002 |  -53.449 | Time (s):     5.90
Phase values :  -36.366 |  128.719 |  -72.353 | Time (s):     6.00
Phase values :  -22.330 |  123.649 |  -75.319 | Time (s):     6.10
Phase values :  -19.060 |  116.614 |  -86.554 | Time (s):     6.20
Phase values :    1.429 |  108.649 |  -88.778 | Time (s):     6.30
Phase values :   13.517 |  105.800 | -101.217 | Time (s):     6.40
Phase values :   21.485 |  103.522 | -100.408 | Time (s):     6.50
Phase values :   32.614 |   94.883 | -109.297 | Time (s):     6.60
Phase values :   42.185 |   80.959 | -111.843 | Time (s):     6.70
Phase values :   48.982 |   75.035 | -115.016 | Time (s):     6.80
Phase values :   64.593 |   70.504 | -111.397 | Time (s):     6.90
Phase values :   73.412 |   56.467 | -113.679 | Time (s):     7.00
Phase values :   83.638 |   43.729 | -116.867 | Time (s):     7.10
Phase values :   99.176 |   35.102 | -111.278 | Time (s):     7.20
Phase values :   99.640 |   21.902 | -107.842 | Time (s):     7.30
Phase values :  104.352 |    8.646 |  -99.798 | Time (s):     7.40
Phase values :  113.045 |   -7.847 |  -99.098 | Time (s):     7.50
Phase values :  115.560 |  -13.756 |  -86.404 | Time (s):     7.60
Phase values :  123.550 |  -21.363 |  -77.287 | Time (s):     7.70
Phase values :  118.780 |  -33.150 |  -64.830 | Time (s):     7.80
Phase values :  123.525 |  -51.605 |  -58.020 | Time (s):     7.90
Phase values :  120.273 |  -57.917 |  -54.056 | Time (s):     8.00
Phase values :  124.923 |  -63.682 |  -38.341 | Time (s):     8.10
Phase values :  122.687 |  -72.903 |  -32.084 | Time (s):     8.20
Phase values :  122.888 |  -89.489 |  -14.098 | Time (s):     8.30
Phase values :  109.261 |  -94.460 |   -9.201 | Time (s):     8.40
Phase values :  108.652 |  -96.242 |   14.490 | Time (s):     8.50
Phase values :  102.319 | -110.472 |   20.253 | Time (s):     8.60
Phase values :   88.528 | -107.998 |   30.670 | Time (s):     8.70
Phase values :   86.057 | -110.780 |   39.623 | Time (s):     8.80
Phase values :   74.390 | -109.586 |   53.596 | Time (s):     8.90
Phase values :   71.823 | -109.800 |   70.277 | Time (s):     9.00
Phase values :   49.454 | -115.815 |   79.160 | Time (s):     9.10
Phase values :   44.192 | -107.736 |   86.344 | Time (s):     9.20
Phase values :   33.547 | -107.582 |   97.235 | Time (s):     9.30
Phase values :   16.035 | -102.482 |   96.648 | Time (s):     9.40
Phase values :    4.273 | -103.978 |  112.405 | Time (s):     9.50
Phase values :   -8.718 |  -91.220 |  118.238 | Time (s):     9.60
Phase values :  -15.019 |  -84.272 |  116.691 | Time (s):     9.70
Phase values :  -23.311 |  -82.406 |  127.118 | Time (s):     9.80
Phase values :  -32.978 |  -69.204 |  127.282 | Time (s):     9.90
Phase values :  -52.304 |  -60.555 |  125.860 | Time (s):    10.00
Phase values :  -64.283 |  -50.157 |  129.440 | Time (s):    10.10
Phase values :  -64.809 |  -34.015 |  125.323 | Time (s):    10.20
Phase values :  -79.485 |  -28.636 |  118.121 | Time (s):    10.30
Phase values :  -90.323 |  -15.835 |  121.858 | Time (s):    10.40
Phase values :  -96.539 |   -3.429 |  117.869 | Time (s):    10.50
Phase values : -104.664 |    8.963 |  107.201 | Time (s):    10.60
Phase values : -100.533 |   26.021 |   96.012 | Time (s):    10.70
Phase values : -112.696 |   34.427 |   88.869 | Time (s):    10.80
Phase values : -117.612 |   44.161 |   84.951 | Time (s):    10.90
Phase values : -111.552 |   57.909 |   80.043 | Time (s):    11.00
Phase values : -118.099 |   69.560 |   61.539 | Time (s):    11.10
Phase values : -108.646 |   77.006 |   59.640 | Time (s):    11.20
Phase values : -112.801 |   90.848 |   40.053 | Time (s):    11.30
Phase values : -108.682 |   88.392 |   32.490 | Time (s):    11.40
Phase values : -108.119 |   98.953 |   25.866 | Time (s):    11.50
Phase values : -104.954 |  105.754 |    6.700 | Time (s):    11.60
Phase values :  -93.539 |  109.628 |   -6.490 | Time (s):    11.70
Phase values :  -86.437 |  115.520 |  -11.082 | Time (s):    11.80
Phase values :  -77.022 |  118.381 |  -29.259 | Time (s):    11.90
Phase values :  -73.976 |  128.579 |  -33.304 | Time (s):    12.00
Phase values :  -54.588 |  130.890 |  -47.103 | Time (s):    12.10
Phase values :  -42.957 |  128.703 |  -63.747 | Time (s):    12.20
Phase values :  -33.086 |  120.120 |  -74.333 | Time (s):    12.30
Phase values :  -20.087 |  123.452 |  -84.065 | Time (s):    12.40
Phase values :  -13.971 |  121.324 |  -89.253 | Time (s):    12.50
Phase values :   -2.357 |  116.673 |  -94.216 | Time (s):    12.60
Phase values :   14.036 |  104.046 |  -99.982 | Time (s):    12.70
Phase values :   16.389 |  102.302 | -102.491 | Time (s):    12.80
Phase values :   37.883 |   87.908 | -104.591 | Time (s):    12.90
Phase values :   40.598 |   78.643 | -110.441 | Time (s):    13.00
Phase values :   51.021 |   78.993 | -113.115 | Time (s):    13.10
Phase values :   69.241 |   67.153 | -117.394 | Time (s):    13.20
Phase values :   81.450 |   54.324 | -115.074 | Time (s):    13.30
Phase values :   91.150 |   41.813 | -106.463 | Time (s):    13.40
Phase values :  100.046 |   36.232 | -106.478 | Time (s):    13.50
Phase values :   98.255 |   17.197 | -105.252 | Time (s):    13.60
Phase values :  110.400 |    2.426 |  -98.427 | Time (s):    13.70
Phase values :  110.015 |   -9.061 |  -97.555 | Time (s):    13.80
Phase values :  122.244 |  -10.844 |  -90.300 | Time (s):    13.90
Phase values :  123.241 |  -33.106 |  -81.836 | Time (s):    14.00
Phase values :  120.873 |  -44.628 |  -62.845 | Time (s):    14.10
Phase values :  127.617 |  -47.199 |  -56.818 | Time (s):    14.20
Phase values :  130.063 |  -59.109 |  -53.054 | Time (s):    14.30
Phase values :  120.112 |  -70.755 |  -37.157 | Time (s):    14.40
Phase values :  116.478 |  -80.442 |  -27.736 | Time (s):    14.50
Phase values :  119.787 |  -87.480 |  -12.407 | Time (s):    14.60
Phase values :  119.074 |  -99.189 |    0.315 | Time (s):    14.70
Phase values :  107.488 | -104.798 |   12.809 | Time (s):    14.80
Phase values :  100.589 | -100.845 |   23.457 | Time (s):    14.90
Phase values :   93.444 | -110.181 |   35.237 | Time (s):    15.00
Phase values :   85.633 | -111.767 |   47.334 | Time (s):    15.10
Phase values :   74.242 | -117.673 |   55.332 | Time (s):    15.20
Phase values :   70.266 | -119.785 |   72.420 | Time (s):    15.30
Phase values :   47.906 | -117.198 |   75.692 | Time (s):    15.40
Phase values :   41.072 | -115.420 |   88.749 | Time (s):    15.50
Phase values :   31.873 | -104.571 |   90.698 | Time (s):    15.60
Phase values :   14.828 | -100.582 |   98.354 | Time (s):    15.70
Phase values :    9.653 | -101.996 |  106.343 | Time (s):    15.80
Phase values :   -6.132 |  -89.567 |  109.499 | Time (s):    15.90
Phase values :  -12.006 |  -88.259 |  118.965 | Time (s):    16.00
Phase values :  -28.851 |  -72.247 |  128.598 | Time (s):    16.10
Phase values :  -44.751 |  -70.212 |  119.863 | Time (s):    16.20
Phase values :  -51.993 |  -60.447 |  121.140 | Time (s):    16.30
Phase values :  -63.469 |  -50.450 |  122.119 | Time (s):    16.40
Phase values :  -69.675 |  -34.726 |  122.501 | Time (s):    16.50
Phase values :  -83.416 |  -28.185 |  116.602 | Time (s):    16.60
Phase values :  -90.804 |  -15.342 |  122.046 | Time (s):    16.70
Phase values :  -96.259 |   -6.613 |  118.772 | Time (s):    16.80
Phase values : -100.210 |    9.482 |  109.227 | Time (s):    16.90
Phase values : -104.596 |   20.323 |  104.673 | Time (s):    17.00
Phase values : -103.769 |   37.791 |   93.977 | Time (s):    17.10
Phase values : -106.688 |   49.569 |   88.120 | Time (s):    17.20
Phase values : -119.228 |   53.341 |   69.387 | Time (s):    17.30
Phase values : -119.173 |   66.697 |   61.576 | Time (s):    17.40
Phase values : -115.919 |   82.731 |   56.987 | Time (s):    17.50
Phase values : -110.474 |   81.945 |   47.129 | Time (s):    17.60
Phase values : -106.260 |   92.946 |   25.914 | Time (s):    17.70
Phase values : -104.608 |  103.850 |   13.258 | Time (s):    17.80
Phase values :  -99.362 |  104.783 |    5.379 | Time (s):    17.90
Phase values :  -97.577 |  116.379 |   -4.402 | Time (s):    18.00
Phase values :  -80.416 |  120.383 |  -20.367 | Time (s):    18.10
Phase values :  -77.155 |  122.350 |  -23.696 | Time (s):    18.20
Phase values :  -69.377 |  124.050 |  -45.273 | Time (s):    18.30
Phase values :  -58.774 |  124.960 |  -52.386 | Time (s):    18.40
Phase values :  -45.244 |  127.071 |  -64.027 | Time (s):    18.50
Phase values :  -36.994 |  120.186 |  -73.793 | Time (s):    18.60
Phase values :  -26.933 |  124.321 |  -80.088 | Time (s):    18.70
Phase values :  -13.276 |  112.701 |  -93.426 | Time (s):    18.80
Phase values :   -0.340 |  112.466 | -100.226 | Time (s):    18.90
Phase values :   16.055 |  105.663 |  -99.118 | Time (s):    19.00
Phase values :   22.490 |   95.654 | -110.043 | Time (s):    19.10
Phase values :   37.544 |   92.308 | -109.252 | Time (s):    19.20
Phase values :   48.502 |   86.804 | -106.906 | Time (s):    19.30
Phase values :   59.948 |   68.332 | -115.379 | Time (s):    19.40
Phase values :   63.472 |   64.985 | -108.257 | Time (s):    19.50
Phase values :   76.068 |   57.467 | -118.135 | Time (s):    19.60
Phase values :   87.839 |   36.986 | -107.125 | Time (s):    19.70
Phase values :  101.992 |   29.954 | -102.846 | Time (s):    19.80
Phase values :  109.044 |   22.888 | -105.531 | Time (s):    19.90
Phase values :  104.220 |    8.906 |  -95.925 | Time (s):    20.00
Phase values :  116.555 |  -10.472 |  -87.483 | Time (s):    20.10
Phase values :  121.796 |  -15.327 |  -85.370 | Time (s):    20.20
Phase values :  119.300 |  -32.439 |  -79.960 | Time (s):    20.30
Phase values :  119.833 |  -35.993 |  -69.839 | Time (s):    20.40
Phase values :  124.175 |  -46.877 |  -52.898 | Time (s):    20.50
Phase values :  122.719 |  -66.382 |  -44.037 | Time (s):    20.60
Phase values :  122.168 |  -69.908 |  -31.060 | Time (s):    20.70
Phase values :  116.437 |  -79.657 |  -25.880 | Time (s):    20.80
Phase values :  122.554 |  -88.144 |  -15.509 | Time (s):    20.90
Phase values :  108.456 |  -95.789 |    5.733 | Time (s):    21.00
Phase values :  110.196 | -106.623 |    6.828 | Time (s):    21.10
Phase values :  100.932 | -104.387 |   26.855 | Time (s):    21.20
Phase values :   96.436 | -105.832 |   41.997 | Time (s):    21.30
Phase values :   76.887 | -108.520 |   51.834 | Time (s):    21.40
Phase values :   68.673 | -117.627 |   61.854 | Time (s):    21.50
Phase values :   66.792 | -114.737 |   73.245 | Time (s):    21.60
Phase values :   51.445 | -110.448 |   78.803 | Time (s):    21.70
Phase values :   36.841 | -107.171 |   82.630 | Time (s):    21.80
Phase values :   27.493 | -105.528 |   96.335 | Time (s):    21.90
Phase values :   17.317 |  -99.051 |  109.134 | Time (s):    22.00
Phase values :    3.632 |  -96.385 |  116.053 | Time (s):    22.10
Phase values :   -9.042 |  -94.986 |  116.328 | Time (s):    22.20
Phase values :  -24.586 |  -88.321 |  118.507 | Time (s):    22.30
Phase values :  -25.381 |  -80.264 |  118.645 | Time (s):    22.40
Phase values :  -38.612 |  -69.999 |  122.712 | Time (s):    22.50
Phase values :  -53.066 |  -50.621 |  128.787 | Time (s):    22.60
Phase values :  -65.336 |  -47.128 |  124.064 | Time (s):    22.70
Phase values :  -69.920 |  -33.626 |  120.146 | Time (s):    22.80
Phase values :  -79.124 |  -17.326 |  124.449 | Time (s):    22.90
Phase values :  -93.260 |  -11.943 |  118.502 | Time (s):    23.00
Phase values : -100.950 |    4.706 |  108.444 | Time (s):    23.10
Phase values :  -96.025 |    8.800 |  103.325 | Time (s):    23.20
Phase values : -106.327 |   21.020 |   97.107 | Time (s):    23.30
Phase values : -106.408 |   31.847 |   88.761 | Time (s):    23.40
Phase values : -107.431 |   51.664 |   81.366 | Time (s):    23.50
Phase values : -118.070 |   56.057 |   69.813 | Time (s):    23.60
Phase values : -110.213 |   69.016 |   63.297 | Time (s):    23.70
Phase values : -116.557 |   75.036 |   45.922 | Time (s):    23.80
Phase values : -112.114 |   91.919 |   44.795 | Time (s):    23.90
Phase values : -111.406 |  100.775 |   25.731 | Time (s):    24.00
Phase values : -100.367 |  107.920 |   11.246 | Time (s):    24.10
Phase values :  -93.241 |  113.783 |    0.659 | Time (s):    24.20
Phase values :  -95.287 |  112.198 |  -10.412 | Time (s):    24.30
Phase values :  -84.269 |  125.213 |  -22.244 | Time (s):    24.40
Phase values :  -71.864 |  126.487 |  -36.623 | Time (s):    24.50
Phase values :  -69.957 |  130.087 |  -46.029 | Time (s):    24.60
Phase values :  -56.442 |  128.595 |  -51.554 | Time (s):    24.70
Phase values :  -38.417 |  130.404 |  -61.187 | Time (s):    24.80
Phase values :  -38.490 |  120.420 |  -74.330 | Time (s):    24.90
Phase values :  -15.971 |  118.558 |  -85.187 | Time (s):    25.00
Phase values :  -13.375 |  110.947 |  -83.472 | Time (s):    25.10
Phase values :   -0.421 |  114.828 |  -94.107 | Time (s):    25.20
Phase values :   13.172 |  109.852 |  -98.524 | Time (s):    25.30
Phase values :   27.585 |   94.379 | -104.364 | Time (s):    25.40
Phase values :   42.698 |   94.783 | -110.881 | Time (s):    25.50
Phase values :   53.794 |   86.844 | -114.538 | Time (s):    25.60
Phase values :   54.359 |   68.951 | -108.010 | Time (s):    25.70
Phase values :   71.485 |   57.700 | -109.185 | Time (s):    25.80
Phase values :   77.266 |   47.497 | -117.463 | Time (s):    25.90
Phase values :   90.705 |   35.048 | -112.254 | Time (s):    26.00
Phase values :  100.212 |   25.869 | -108.781 | Time (s):    26.10
Phase values :  106.304 |   16.775 | -107.979 | Time (s):    26.20
Phase values :  108.509 |   -2.115 |  -92.895 | Time (s):    26.30
Phase values :  110.964 |   -6.380 |  -84.184 | Time (s):    26.40
Phase values :  122.417 |  -20.002 |  -78.114 | Time (s):    26.50
Phase values :  117.824 |  -33.662 |  -70.962 | Time (s):    26.60
Phase values :  123.658 |  -44.545 |  -59.213 | Time (s):    26.70
Phase values :  124.199 |  -48.239 |  -58.861 | Time (s):    26.80
Phase values :  121.541 |  -68.037 |  -45.205 | Time (s):    26.90
Phase values :  120.390 |  -70.038 |  -32.952 | Time (s):    27.00
Phase values :  121.663 |  -81.948 |  -16.915 | Time (s):    27.10
Phase values :  120.989 |  -94.181 |   -9.907 | Time (s):    27.20
Phase values :  116.209 |  -98.361 |    1.552 | Time (s):    27.30
Phase values :  107.875 | -104.319 |    8.744 | Time (s):    27.40
Phase values :  100.449 | -101.897 |   26.049 | Time (s):    27.50
Phase values :   89.703 | -105.150 |   41.947 | Time (s):    27.60
Phase values :   76.719 | -115.141 |   44.922 | Time (s):    27.70
Phase values :   66.286 | -112.946 |   66.560 | Time (s):    27.80
Phase values :   57.402 | -110.854 |   66.652 | Time (s):    27.90
Phase values :   50.270 | -107.764 |   84.694 | Time (s):    28.00
Phase values :   32.501 | -110.489 |   86.689 | Time (s):    28.10
Phase values :   30.106 | -108.652 |   95.346 | Time (s):    28.20
Phase values :   10.703 | -105.188 |  105.785 | Time (s):    28.30
Phase values :    3.612 |  -91.645 |  115.733 | Time (s):    28.40
Phase values :   -8.349 |  -88.478 |  119.827 | Time (s):    28.50
Phase values :  -26.659 |  -87.757 |  122.216 | Time (s):    28.60
Phase values :  -29.401 |  -77.358 |  128.659 | Time (s):    28.70
Phase values :  -40.159 |  -66.867 |  124.526 | Time (s):    28.80
Phase values :  -50.922 |  -54.077 |  121.400 | Time (s):    28.90
Phase values :  -60.184 |  -48.991 |  119.675 | Time (s):    29.00
Phase values :  -71.643 |  -26.614 |  123.757 | Time (s):    29.10
Phase values :  -78.106 |  -17.658 |  124.064 | Time (s):    29.20
Phase values :  -94.288 |   -4.039 |  110.827 | Time (s):    29.30
Phase values :  -94.412 |    2.625 |  116.286 | Time (s):    29.40
Phase values : -102.610 |   20.616 |  104.295 | Time (s):    29.50
Phase values : -110.827 |   31.912 |   97.115 | Time (s):    29.60
Phase values : -106.715 |   39.795 |   90.920 | Time (s):    29.70
Phase values : -110.840 |   48.548 |   84.092 | Time (s):    29.80
Phase values : -119.578 |   56.859 |   68.019 | Time (s):    29.90
Phase values : -118.119 |   76.517 |   56.902 | Time (s):    30.00
Phase values : -117.362 |   81.520 |   45.343 | Time (s):    30.10
Phase values : -109.521 |   88.569 |   41.852 | Time (s):    30.20
Phase values : -108.320 |   97.478 |   28.642 | Time (s):    30.30
Phase values : -103.194 |  100.062 |    9.232 | Time (s):    30.40
Phase values :  -98.991 |  112.053 |    7.638 | Time (s):    30.50
Phase values :  -87.569 |  118.486 |   -5.717 | Time (s):    30.60
Phase values :  -86.197 |  119.412 |  -22.715 | Time (s):    30.70
Phase values :  -70.851 |  118.289 |  -30.039 | Time (s):    30.80
Phase values :  -63.718 |  119.490 |  -40.372 | Time (s):    30.90
Phase values :  -50.892 |  121.696 |  -52.004 | Time (s):    31.00
Phase values :  -38.276 |  121.404 |  -67.829 | Time (s):    31.10
Phase values :  -25.774 |  126.220 |  -73.645 | Time (s):    31.20
Phase values :  -16.201 |  115.362 |  -76.961 | Time (s):    31.30
Phase values :   -8.570 |  114.962 |  -96.091 | Time (s):    31.40
Phase values :    4.399 |  111.860 |  -97.260 | Time (s):    31.50
Phase values :   15.787 |  101.212 | -107.999 | Time (s):    31.60
Phase values :   24.874 |   94.279 | -108.053 | Time (s):    31.70
Phase values :   40.542 |   93.935 | -111.776 | Time (s):    31.80
Phase values :   48.873 |   77.662 | -114.035 | Time (s):    31.90
Phase values :   56.856 |   75.351 | -114.207 | Time (s):    32.00
Phase values :   75.180 |   63.200 | -111.880 | Time (s):    32.10
Phase values :   87.042 |   51.714 | -113.757 | Time (s):    32.20
Phase values :   90.447 |   37.102 | -110.250 | Time (s):    32.30
Phase values :   97.405 |   30.679 | -102.584 | Time (s):    32.40
Phase values :  104.036 |   13.061 | -102.697 | Time (s):    32.50
Phase values :  115.869 |    5.967 |  -94.136 | Time (s):    32.60
Phase values :  120.741 |  -15.883 |  -84.159 | Time (s):    32.70
Phase values :  117.904 |  -20.769 |  -78.135 | Time (s):    32.80
Phase values :  124.716 |  -28.373 |  -66.443 | Time (s):    32.90
Phase values :  131.250 |  -39.281 |  -57.569 | Time (s):    33.00
Phase values :  125.389 |  -52.882 |  -50.608 | Time (s):    33.10
Phase values :  119.730 |  -63.669 |  -43.561 | Time (s):    33.20
Phase values :  122.479 |  -79.943 |  -26.436 | Time (s):    33.30
Phase values :  124.257 |  -83.812 |  -15.646 | Time (s):    33.40
Phase values :  117.794 |  -87.290 |  -11.104 | Time (s):    33.50
Phase values :  116.433 |  -96.802 |   10.469 | Time (s):    33.60
Phase values :  105.528 | -104.782 |   10.954 | Time (s):    33.70
Phase values :   95.942 | -107.274 |   30.232 | Time (s):    33.80
Phase values :   83.650 | -115.733 |   40.484 | Time (s):    33.90
Phase values :   73.533 | -107.026 |   51.293 | Time (s):    34.00
Phase values :   74.884 | -114.631 |   57.947 | Time (s):    34.10
Phase values :   59.601 | -114.638 |   75.136 | Time (s):    34.20
Phase values :   52.989 | -108.048 |   85.459 | Time (s):    34.30
Phase values :   39.756 | -108.076 |   86.919 | Time (s):    34.40
Phase values :   24.719 | -109.247 |  104.328 | Time (s):    34.50
Phase values :   14.893 | -104.498 |  105.905 | Time (s):    34.60
Phase values :    1.899 |  -91.178 |  115.380 | Time (s):    34.70
Phase values :   -9.845 |  -91.847 |  114.492 | Time (s):    34.80
Phase values :  -25.918 |  -82.773 |  119.391 | Time (s):    34.90
Phase values :  -32.003 |  -74.635 |  121.238 | Time (s):    35.00
Phase values :  -49.386 |  -65.620 |  127.406 | Time (s):    35.10
Phase values :  -59.255 |  -49.623 |  120.879 | Time (s):    35.20
Phase values :  -60.705 |  -39.847 |  129.553 | Time (s):    35.30
Phase values :  -73.637 |  -32.099 |  123.236 | Time (s):    35.40
Phase values :  -80.358 |  -14.591 |  122.849 | Time (s):    35.50
Phase values :  -89.484 |   -7.539 |  121.224 | Time (s):    35.60
Phase values : -103.241 |   -0.563 |  113.103 | Time (s):    35.70
Phase values :  -99.761 |   17.920 |  109.141 | Time (s):    35.80
Phase values : -112.991 |   31.888 |   92.603 | Time (s):    35.90
Phase values : -112.987 |   39.824 |   87.463 | Time (s):    36.00
Phase values : -111.814 |   52.311 |   80.103 | Time (s):    36.10
Phase values : -116.952 |   65.936 |   65.816 | Time (s):    36.20
Phase values : -116.592 |   74.591 |   62.801 | Time (s):    36.30
Phase values : -116.735 |   79.674 |   42.861 | Time (s):    36.40
Phase values : -107.898 |   96.989 |   41.209 | Time (s):    36.50
Phase values : -108.005 |  100.547 |   21.658 | Time (s):    36.60
Phase values : -103.396 |  107.970 |    9.025 | Time (s):    36.70
Phase values :  -89.318 |  110.688 |    3.531 | Time (s):    36.80
Phase values :  -83.632 |  116.239 |  -12.607 | Time (s):    36.90
Phase values :  -74.208 |  123.175 |  -19.467 | Time (s):    37.00
Phase values :  -72.724 |  120.257 |  -36.833 | Time (s):    37.10
Phase values :  -56.669 |  123.958 |  -50.989 | Time (s):    37.20
Phase values :  -55.437 |  127.364 |  -55.027 | Time (s):    37.30
Phase values :  -46.232 |  127.271 |  -62.040 | Time (s):    37.40
Phase values :  -33.460 |  120.889 |  -72.728 | Time (s):    37.50
Phase values :  -23.336 |  120.638 |  -86.202 | Time (s):    37.60
Phase values :   -8.774 |  118.950 |  -87.176 | Time (s):    37.70
Phase values :    6.006 |  113.170 | -101.676 | Time (s):    37.80
Phase values :   14.486 |  104.952 | -103.337 | Time (s):    37.90
Phase values :   31.444 |   96.461 | -112.705 | Time (s):    38.00
Phase values :   40.263 |   92.673 | -113.836 | Time (s):    38.10
Phase values :   55.727 |   82.470 | -112.298 | Time (s):    38.20
Phase values :   66.723 |   62.546 | -118.569 | Time (s):    38.30
Phase values :   72.544 |   63.598 | -110.042 | Time (s):    38.40
Phase values :   79.686 |   42.433 | -117.419 | Time (s):    38.50
Phase values :   97.356 |   30.561 | -107.717 | Time (s):    38.60
Phase values :   96.264 |   21.997 | -106.261 | Time (s):    38.70
Phase values :  112.733 |   15.157 | -104.790 | Time (s):    38.80
Phase values :  109.092 |    4.863 |  -91.955 | Time (s):    38.90
Phase values :  119.282 |  -12.368 |  -90.215 | Time (s):    39.00
Phase values :  124.155 |  -19.315 |  -83.040 | Time (s):    39.10
Phase values :  129.272 |  -34.661 |  -64.811 | Time (s):    39.20
Phase values :  125.507 |  -48.591 |  -66.915 | Time (s):    39.30
Phase values :  126.346 |  -55.197 |  -56.849 | Time (s):    39.40
Phase values :  123.086 |  -62.772 |  -45.015 | Time (s):    39.50
Phase values :  120.838 |  -73.517 |  -32.421 | Time (s):    39.60
Phase values :  124.423 |  -80.443 |  -16.280 | Time (s):    39.70
Phase values :  113.373 |  -88.064 |   -7.509 | Time (s):    39.80
Phase values :  108.833 |  -93.208 |    3.775 | Time (s):    39.90
Phase values :   98.959 | -103.210 |   21.751 | Time (s):    40.00
Phase values :   94.717 | -110.916 |   32.399 | Time (s):    40.10
Phase values :   87.980 | -115.082 |   38.901 | Time (s):    40.20
Phase values :   78.635 | -112.078 |   53.442 | Time (s):    40.30
Phase values :   68.073 | -118.482 |   60.109 | Time (s):    40.40
Phase values :   57.594 | -114.788 |   79.794 | Time (s):    40.50
Phase values :   46.703 | -109.100 |   85.096 | Time (s):    40.60
Phase values :   37.512 | -108.232 |   91.920 | Time (s):    40.70
Phase values :   19.835 | -100.013 |   96.778 | Time (s):    40.80
Phase values :   11.589 | -102.381 |  102.792 | Time (s):    40.90
Phase values :    1.795 |  -94.288 |  114.393 | Time (s):    41.00
Phase values :  -13.128 |  -82.694 |  122.322 | Time (s):    41.10
Phase values :  -29.762 |  -80.470 |  127.331 | Time (s):    41.20
Phase values :  -39.287 |  -64.695 |  124.983 | Time (s):    41.30
Phase values :  -45.092 |  -61.460 |  127.152 | Time (s):    41.40
Phase values :  -54.365 |  -45.559 |  120.124 | Time (s):    41.50
Phase values :  -64.801 |  -40.096 |  127.198 | Time (s):    41.60
Phase values :  -78.704 |  -31.880 |  120.084 | Time (s):    41.70
Phase values :  -82.481 |  -18.023 |  115.204 | Time (s):    41.80
Phase values :  -88.350 |   -0.243 |  114.593 | Time (s):    41.90
Phase values :  -93.337 |    8.644 |  114.094 | Time (s):    42.00
Phase values : -103.479 |   13.815 |  105.864 | Time (s):    42.10
Phase values : -110.322 |   26.653 |   90.869 | Time (s):    42.20
Phase values : -113.824 |   40.338 |   81.186 | Time (s):    42.30
Phase values : -109.954 |   58.956 |   76.198 | Time (s):    42.40
Phase values : -115.292 |   66.993 |   64.899 | Time (s):    42.50
Phase values : -115.331 |   73.843 |   59.588 | Time (s):    42.60
Phase values : -117.376 |   86.404 |   49.873 | Time (s):    42.70
Phase values : -111.943 |   90.781 |   30.862 | Time (s):    42.80
Phase values : -106.761 |   96.489 |   17.372 | Time (s):    42.90
Phase values :  -95.869 |  101.948 |   12.721 | Time (s):    43.00
Phase values :  -91.519 |  113.491 |    0.328 | Time (s):    43.10
Phase values :  -87.871 |  122.159 |  -10.988 | Time (s):    43.20
Phase values :  -78.597 |  116.504 |  -31.207 | Time (s):    43.30
Phase values :  -68.978 |  128.390 |  -31.713 | Time (s):    43.40
Phase values :  -55.102 |  122.393 |  -46.490 | Time (s):    43.50
Phase values :  -53.068 |  126.698 |  -52.830 | Time (s):    43.60
Phase values :  -33.177 |  125.406 |  -67.329 | Time (s):    43.70
Phase values :  -24.238 |  126.226 |  -72.688 | Time (s):    43.80
Phase values :  -21.666 |  115.082 |  -91.316 | Time (s):    43.90
Phase values :   -9.276 |  119.909 |  -87.232 | Time (s):    44.00
Phase values :   10.412 |  110.551 |  -99.663 | Time (s):    44.10
Phase values :   18.480 |  107.865 | -107.045 | Time (s):    44.20
Phase values :   27.006 |   94.219 | -111.526 | Time (s):    44.30
Phase values :   37.974 |   91.588 | -116.663 | Time (s):    44.40
Phase values :   59.568 |   81.159 | -115.826 | Time (s):    44.50
Phase values :   65.575 |   61.723 | -110.498 | Time (s):    44.60
Phase values :   74.389 |   61.881 | -115.370 | Time (s):    44.70
Phase values :   90.509 |   48.040 | -116.649 | Time (s):    44.80
Phase values :   97.540 |   35.811 | -112.551 | Time (s):    44.90
Phase values :  104.497 |   24.609 | -109.906 | Time (s):    45.00
Phase values :  110.801 |    8.153 |  -97.854 | Time (s):    45.10
Phase values :  109.086 |    0.560 |  -91.846 | Time (s):    45.20
Phase values :  116.992 |  -11.048 |  -90.944 | Time (s):    45.30
Phase values :  122.774 |  -22.152 |  -83.121 | Time (s):    45.40
Phase values :  125.994 |  -34.637 |  -63.657 | Time (s):    45.50
Phase values :  129.930 |  -52.187 |  -53.543 | Time (s):    45.60
Phase values :  127.569 |  -58.494 |  -43.274 | Time (s):    45.70
Phase values :  129.710 |  -68.654 |  -35.956 | Time (s):    45.80
Phase values :  127.664 |  -80.469 |  -27.996 | Time (s):    45.90
Phase values :  114.557 |  -91.349 |  -20.008 | Time (s):    46.00
Phase values :  110.821 |  -90.712 |   -3.410 | Time (s):    46.10
Phase values :  113.005 |  -95.786 |    4.781 | Time (s):    46.20
Phase values :  101.864 | -109.307 |   25.344 | Time (s):    46.30
Phase values :   95.466 | -106.825 |   35.059 | Time (s):    46.40
Phase values :   87.089 | -114.398 |   42.609 | Time (s):    46.50
Phase values :   77.317 | -118.795 |   55.178 | Time (s):    46.60
Phase values :   67.145 | -111.700 |   60.255 | Time (s):    46.70
Phase values :   55.472 | -112.906 |   76.233 | Time (s):    46.80
Phase values :   39.807 | -111.718 |   88.811 | Time (s):    46.90
Phase values :   33.060 | -107.056 |   96.996 | Time (s):    47.00
Phase values :   21.546 | -101.148 |  101.002 | Time (s):    47.10
Phase values :   14.584 |  -97.435 |  104.451 | Time (s):    47.20
Phase values :   -8.107 |  -97.870 |  111.377 | Time (s):    47.30
Phase values :   -9.406 |  -83.915 |  123.822 | Time (s):    47.40
Phase values :  -25.396 |  -80.143 |  117.839 | Time (s):    47.50
Phase values :  -32.260 |  -63.935 |  120.794 | Time (s):    47.60
Phase values :  -49.283 |  -59.881 |  129.464 | Time (s):    47.70
Phase values :  -59.356 |  -44.079 |  123.936 | Time (s):    47.80
Phase values :  -74.777 |  -43.533 |  127.810 | Time (s):    47.90
Phase values :  -75.147 |  -26.552 |  120.199 | Time (s):    48.00
Phase values :  -86.278 |  -20.149 |  114.128 | Time (s):    48.10
Phase values :  -88.988 |    2.757 |  116.531 | Time (s):    48.20
Phase values : -105.205 |    3.749 |  111.255 | Time (s):    48.30
Phase values : -107.866 |   26.507 |  100.359 | Time (s):    48.40
Phase values : -112.921 |   33.611 |   96.111 | Time (s):    48.50
Phase values : -115.129 |   44.943 |   85.487 | Time (s):    48.60
Phase values : -115.561 |   60.987 |   80.273 | Time (s):    48.70
Phase values : -119.298 |   64.934 |   68.565 | Time (s):    48.80
Phase values : -115.237 |   74.475 |   57.862 | Time (s):    48.90
Phase values : -116.184 |   80.711 |   40.272 | Time (s):    49.00
Phase values : -109.057 |   94.349 |   28.307 | Time (s):    49.10
Phase values : -104.186 |  100.404 |   14.982 | Time (s):    49.20
Phase values : -102.313 |  106.698 |    2.516 | Time (s):    49.30
Phase values :  -86.891 |  115.264 |    1.627 | Time (s):    49.40
Phase values :  -87.383 |  121.048 |  -15.864 | Time (s):    49.50
Phase values :  -82.562 |  126.301 |  -22.139 | Time (s):    49.60
Phase values :  -67.810 |  120.591 |  -35.181 | Time (s):    49.70
Phase values :  -59.318 |  122.394 |  -53.676 | Time (s):    49.80
Phase values :  -51.683 |  126.399 |  -60.116 | Time (s):    49.90
Phase values :  -32.409 |  125.707 |  -69.797 | Time (s):    50.00
Phase values :  -30.207 |  116.631 |  -72.823 | Time (s):    50.10
Phase values :  -16.990 |  119.095 |  -89.405 | Time (s):    50.20
Phase values :   -4.275 |  116.237 |  -92.561 | Time (s):    50.30
Phase values :    8.018 |  109.503 | -103.921 | Time (s):    50.40
Phase values :   19.370 |  106.652 | -101.822 | Time (s):    50.50
Phase values :   36.162 |   98.652 | -107.914 | Time (s):    50.60
Phase values :   46.075 |   84.282 | -108.957 | Time (s):    50.70
Phase values :   53.895 |   79.127 | -108.922 | Time (s):    50.80
Phase values :   66.510 |   59.183 | -115.493 | Time (s):    50.90
Phase values :   81.515 |   58.950 | -107.565 | Time (s):    51.00
Phase values :   84.709 |   48.237 | -105.846 | Time (s):    51.10
Phase values :   92.900 |   27.454 | -108.854 | Time (s):    51.20
Phase values :  103.003 |   19.218 | -108.021 | Time (s):    51.30
Phase values :  104.841 |   10.347 |  -95.788 | Time (s):    51.40
Phase values :  111.649 |    0.860 |  -90.409 | Time (s):    51.50
Phase values :  124.670 |  -14.722 |  -83.548 | Time (s):    51.60
Phase values :  123.160 |  -32.481 |  -82.179 | Time (s):    51.70
Phase values :  121.484 |  -40.301 |  -62.983 | Time (s):    51.80
Phase values :  121.120 |  -46.568 |  -52.852 | Time (s):    51.90
Phase values :  124.658 |  -59.274 |  -44.384 | Time (s):    52.00
Phase values :  123.000 |  -64.616 |  -34.784 | Time (s):    52.10
Phase values :  119.158 |  -82.197 |  -21.261 | Time (s):    52.20
Phase values :  120.859 |  -83.729 |  -16.530 | Time (s):    52.30
Phase values :  117.339 |  -89.931 |    3.392 | Time (s):    52.40
Phase values :  108.347 | -105.933 |   14.786 | Time (s):    52.50
Phase values :   97.342 |  -99.574 |   22.332 | Time (s):    52.60
Phase values :   96.191 | -109.003 |   34.912 | Time (s):    52.70
Phase values :   87.975 | -109.981 |   50.606 | Time (s):    52.80
Phase values :   76.279 | -111.080 |   58.501 | Time (s):    52.90
Phase values :   64.199 | -118.584 |   64.285 | Time (s):    53.00
Phase values :   50.337 | -113.890 |   73.852 | Time (s):    53.10
Phase values :   46.600 | -108.604 |   85.104 | Time (s):    53.20
Phase values :   31.900 | -108.648 |   90.048 | Time (s):    53.30
Phase values :   21.853 | -106.352 |  107.799 | Time (s):    53.40
Phase values :    8.478 |  -94.859 |  113.881 | Time (s):    53.50
Phase values :   -5.506 |  -97.524 |  119.230 | Time (s):    53.60
Phase values :  -12.479 |  -81.411 |  117.089 | Time (s):    53.70
Phase values :  -30.522 |  -75.893 |  128.515 | Time (s):    53.80
Phase values :  -43.219 |  -70.954 |  127.173 | Time (s):    53.90
Phase values :  -46.658 |  -55.185 |  128.743 | Time (s):    54.00
Phase values :  -55.130 |  -42.684 |  121.814 | Time (s):    54.10
Phase values :  -75.331 |  -33.258 |  129.089 | Time (s):    54.20
Phase values :  -79.968 |  -27.415 |  119.882 | Time (s):    54.30
Phase values :  -87.250 |   -7.470 |  119.520 | Time (s):    54.40
Phase values :  -96.198 |    0.060 |  112.139 | Time (s):    54.50
Phase values : -104.543 |   16.954 |  105.789 | Time (s):    54.60
Phase values : -100.123 |   26.594 |   95.128 | Time (s):    54.70
Phase values : -112.388 |   30.461 |   93.528 | Time (s):    54.80
Phase values : -116.201 |   44.636 |   86.865 | Time (s):    54.90
Phase values : -110.334 |   53.005 |   73.329 | Time (s):    55.00
Phase values : -113.771 |   62.657 |   61.214 | Time (s):    55.10
Phase values : -110.810 |   73.988 |   58.022 | Time (s):    55.20
Phase values : -109.959 |   88.697 |   36.762 | Time (s):    55.30
Phase values : -103.338 |   90.593 |   24.145 | Time (s):    55.40
Phase values : -104.180 |  101.592 |   18.088 | Time (s):    55.50
Phase values :  -94.328 |  109.318 |    5.609 | Time (s):    55.60
Phase values :  -95.136 |  114.208 |   -9.171 | Time (s):    55.70
Phase values :  -87.370 |  120.905 |  -20.535 | Time (s):    55.80
Phase values :  -71.704 |  126.066 |  -28.962 | Time (s):    55.90
Phase values :  -65.822 |  124.758 |  -38.937 | Time (s):    56.00
Phase values :  -51.315 |  131.861 |  -49.246 | Time (s):    56.10
Phase values :  -50.083 |  127.066 |  -58.483 | Time (s):    56.20
Phase values :  -39.930 |  119.975 |  -73.545 | Time (s):    56.30
Phase values :  -28.167 |  115.803 |  -81.536 | Time (s):    56.40
Phase values :  -17.109 |  117.377 |  -85.868 | Time (s):    56.50
Phase values :    0.827 |  110.135 |  -99.362 | Time (s):    56.60
Phase values :   17.422 |  105.727 | -101.149 | Time (s):    56.70
Phase values :   19.256 |  100.612 | -110.868 | Time (s):    56.80
Phase values :   34.109 |   90.761 | -106.370 | Time (s):    56.90
Phase values :   51.965 |   87.853 | -115.318 | Time (s):    57.00
Phase values :   57.808 |   77.577 | -117.684 | Time (s):    57.10
Phase values :   63.628 |   57.427 | -110.455 | Time (s):    57.20
Phase values :   82.621 |   46.906 | -108.527 | Time (s):    57.30
Phase values :   83.487 |   36.323 | -106.910 | Time (s):    57.40
Phase values :   95.435 |   25.390 | -109.925 | Time (s):    57.50
Phase values :   98.081 |   20.223 | -102.904 | Time (s):    57.60
Phase values :  106.152 |    7.641 |  -93.093 | Time (s):    57.70
Phase values :  117.282 |   -3.937 |  -92.445 | Time (s):    57.80
Phase values :  121.717 |  -23.490 |  -80.727 | Time (s):    57.90
Phase values :  122.114 |  -25.200 |  -73.413 | Time (s):    58.00
Phase values :  127.140 |  -42.852 |  -65.888 | Time (s):    58.10
Phase values :  129.977 |  -53.633 |  -56.444 | Time (s):    58.20
Phase values :  126.314 |  -65.835 |  -45.279 | Time (s):    58.30
Phase values :  123.257 |  -74.556 |  -32.901 | Time (s):    58.40
Phase values :  118.619 |  -78.101 |  -20.118 | Time (s):    58.50
Phase values :  117.630 |  -85.483 |  -11.647 | Time (s):    58.60
Phase values :  118.228 |  -91.223 |   -4.405 | Time (s):    58.70
Phase values :  109.962 | -102.252 |   16.090 | Time (s):    58.80
Phase values :   95.593 | -111.310 |   28.117 | Time (s):    58.90
Phase values :   96.592 | -110.048 |   38.556 | Time (s):    59.00
Phase values :   82.739 | -117.431 |   53.492 | Time (s):    59.10
Phase values :   67.222 | -109.531 |   56.909 | Time (s):    59.20
Phase values :   61.738 | -115.035 |   68.897 | Time (s):    59.30
Phase values :   56.388 | -109.540 |   81.852 | Time (s):    59.40
Phase values :   39.783 | -104.857 |   86.475 | Time (s):    59.50
Phase values :   24.933 | -108.108 |   90.774 | Time (s):    59.60
Phase values :   18.657 | -103.825 |  107.368 | Time (s):    59.70
Phase values :    6.672 | -101.454 |  106.682 | Time (s):    59.80
Phase values :   -8.702 |  -93.251 |  111.953 | Time (s):    59.90
Phase values :  -23.945 |  -87.181 |  121.225 | Time (s):    60.00
Phase values :  -28.238 |  -72.420 |  125.258 | Time (s):    60.10
Phase values :  -39.766 |  -63.452 |  125.418 | Time (s):    60.20
Phase values :  -47.318 |  -60.270 |  130.388 | Time (s):    60.30
Phase values :  -63.984 |  -38.974 |  127.359 | Time (s):    60.40
Phase values :  -77.665 |  -34.370 |  125.635 | Time (s):    60.50
Phase values :  -83.064 |  -20.669 |  116.133 | Time (s):    60.60
Phase values :  -90.695 |  -13.885 |  11