QStandardPaths: XDG_RUNTIME_DIR not set, defaulting to '/tmp/runtime-alemor'
UDP target IP: 192.168.42.11
UDP target port: 6367
Simulation Options: Noise=0.1, Timestep=0.1, Frequency=20, Debug= True
UDP host IP: 
UDP host port: 6367
IP Address: 192.168.42.11 | Port: 6367
Phase data:   10.300 |  108.523 |  -98.223 | Time:    0.10
Phase data:   23.480 |  108.714 | -103.894 | Time:    0.20
Phase data:   34.440 |   91.131 | -112.872 | Time:    0.30
Phase data:   41.562 |   81.750 | -110.313 | Time:    0.40
Phase data:   51.730 |   74.254 | -110.785 | Time:    0.50
Phase data:   62.131 |   68.436 | -113.367 | Time:    0.60
Phase data:   72.957 |   53.493 | -118.550 | Time:    0.70
Phase data:   78.106 |   49.532 | -111.238 | Time:    0.80
Phase data:   92.283 |   34.362 | -109.245 | Time:    0.90
Phase data:   98.299 |   24.300 | -106.099 | Time:    1.00
Phase data:  109.877 |    9.862 |  -96.438 | Time:    1.10
Phase data:  108.745 |   -3.433 |  -91.911 | Time:    1.20
Phase data:  119.145 |  -16.665 |  -84.480 | Time:    1.30
Phase data:  123.827 |  -23.114 |  -76.313 | Time:    1.40
Phase data:  120.354 |  -29.563 |  -66.390 | Time:    1.50
Phase data:  129.399 |  -48.699 |  -62.801 | Time:    1.60
Phase data:  123.449 |  -54.009 |  -51.640 | Time:    1.70
Phase data:  123.600 |  -63.790 |  -44.110 | Time:    1.80
Phase data:  128.462 |  -78.742 |  -28.619 | Time:    1.90
Phase data:  118.556 |  -82.775 |  -23.081 | Time:    2.00
Phase data:  119.616 |  -93.305 |   -6.911 | Time:    2.10
Phase data:  112.285 |  -98.658 |    7.173 | Time:    2.20
Phase data:  101.620 | -108.769 |   19.949 | Time:    2.30
Phase data:   91.185 | -105.584 |   25.999 | Time:    2.40
Phase data:   91.256 | -106.660 |   37.504 | Time:    2.50
Phase data:   80.517 | -111.766 |   51.749 | Time:    2.60
Phase data:   62.160 | -108.981 |   58.820 | Time:    2.70
Phase data:   56.086 | -115.997 |   78.111 | Time:    2.80
Phase data:   46.999 | -115.618 |   78.119 | Time:    2.90
Phase data:   29.810 | -107.860 |   94.450 | Time:    3.00
Phase data:   18.134 | -105.350 |  106.016 | Time:    3.10
Phase data:    9.790 | -104.428 |  106.538 | Time:    3.20
Phase data:    3.595 |  -93.643 |  112.648 | Time:    3.30
Phase data:  -13.029 |  -85.657 |  113.087 | Time:    3.40
Phase data:  -23.265 |  -79.340 |  126.505 | Time:    3.50
Phase data:  -33.994 |  -74.573 |  124.566 | Time:    3.60
Phase data:  -41.402 |  -65.443 |  124.945 | Time:    3.70
Phase data:  -51.980 |  -50.247 |  127.927 | Time:    3.80
Phase data:  -64.823 |  -45.388 |  129.411 | Time:    3.90
Phase data:  -73.632 |  -33.775 |  122.607 | Time:    4.00
Phase data:  -86.816 |  -21.621 |  124.437 | Time:    4.10
Phase data:  -94.493 |   -4.941 |  109.934 | Time:    4.20
Phase data:  -96.489 |    4.845 |  110.144 | Time:    4.30
Phase data: -109.240 |   22.017 |   98.222 | Time:    4.40
Phase data: -112.492 |   28.457 |   95.635 | Time:    4.50
Phase data: -116.804 |   47.345 |   88.859 | Time:    4.60
Phase data: -113.343 |   58.366 |   80.077 | Time:    4.70
Phase data: -108.891 |   67.908 |   64.183 | Time:    4.80
Phase data: -113.240 |   74.763 |   53.677 | Time:    4.90
Phase data: -113.094 |   81.130 |   43.064 | Time:    5.00
Phase data: -105.071 |   93.914 |   31.657 | Time:    5.10
Phase data: -102.798 |  104.629 |   24.769 | Time:    5.20
Phase data:  -97.415 |  106.797 |    4.418 | Time:    5.30
Phase data:  -96.372 |  113.448 |    1.124 | Time:    5.40
Phase data:  -88.332 |  119.125 |  -19.493 | Time:    5.50
Phase data:  -73.665 |  123.279 |  -21.314 | Time:    5.60
Phase data:  -68.352 |  118.875 |  -34.323 | Time:    5.70
Phase data:  -62.683 |  130.487 |  -48.104 | Time:    5.80
Phase data:  -49.453 |  125.002 |  -53.449 | Time:    5.90
Phase data:  -36.366 |  128.719 |  -72.353 | Time:    6.00
Phase data:  -22.330 |  123.649 |  -75.319 | Time:    6.10
Phase data:  -19.060 |  116.614 |  -86.554 | Time:    6.20
Phase data:    1.429 |  108.649 |  -88.778 | Time:    6.30
Phase data:   13.517 |  105.800 | -101.217 | Time:    6.40
Phase data:   21.485 |  103.522 | -100.408 | Time:    6.50
Phase data:   32.614 |   94.883 | -109.297 | Time:    6.60
Phase data:   42.185 |   80.959 | -111.843 | Time:    6.70
Phase data:   48.982 |   75.035 | -115.016 | Time:    6.80
Phase data:   64.593 |   70.504 | -111.397 | Time:    6.90
Phase data:   73.412 |   56.467 | -113.679 | Time:    7.00
Phase data:   83.638 |   43.729 | -116.867 | Time:    7.10
Phase data:   99.176 |   35.102 | -111.278 | Time:    7.20
Phase data:   99.640 |   21.902 | -107.842 | Time:    7.30
Phase data:  104.352 |    8.646 |  -99.798 | Time:    7.40
Phase data:  113.045 |   -7.847 |  -99.098 | Time:    7.50
Phase data:  115.560 |  -13.756 |  -86.404 | Time:    7.60
Phase data:  123.550 |  -21.363 |  -77.287 | Time:    7.70
Phase data:  118.780 |  -33.150 |  -64.830 | Time:    7.80
Phase data:  123.525 |  -51.605 |  -58.020 | Time:    7.90
Phase data:  120.273 |  -57.917 |  -54.056 | Time:    8.00
Phase data:  124.923 |  -63.682 |  -38.341 | Time:    8.10
Phase data:  122.687 |  -72.903 |  -32.084 | Time:    8.20
Phase data:  122.888 |  -89.489 |  -14.098 | Time:    8.30
Phase data:  109.261 |  -94.460 |   -9.201 | Time:    8.40
Phase data:  108.652 |  -96.242 |   14.490 | Time:    8.50
Phase data:  102.319 | -110.472 |   20.253 | Time:    8.60
Phase data:   88.528 | -107.998 |   30.670 | Time:    8.70
Phase data:   86.057 | -110.780 |   39.623 | Time:    8.80
Phase data:   74.390 | -109.586 |   53.596 | Time:    8.90
Phase data:   71.823 | -109.800 |   70.277 | Time:    9.00
Phase data:   49.454 | -115.815 |   79.160 | Time:    9.10
Phase data:   44.192 | -107.736 |   86.344 | Time:    9.20
Phase data:   33.547 | -107.582 |   97.235 | Time:    9.30
Phase data:   16.035 | -102.482 |   96.648 | Time:    9.40
Phase data:    4.273 | -103.978 |  112.405 | Time:    9.50
Phase data:   -8.718 |  -91.220 |  118.238 | Time:    9.60
Phase data:  -15.019 |  -84.272 |  116.691 | Time:    9.70
Phase data:  -23.311 |  -82.406 |  127.118 | Time:    9.80
Phase data:  -32.978 |  -69.204 |  127.282 | Time:    9.90
Phase data:  -52.304 |  -60.555 |  125.860 | Time:   10.00
Phase data:  -64.283 |  -50.157 |  129.440 | Time:   10.10
Phase data:  -64.809 |  -34.015 |  125.323 | Time:   10.20
Phase data:  -79.485 |  -28.636 |  118.121 | Time:   10.30
Phase data:  -90.323 |  -15.835 |  121.858 | Time:   10.40
Phase data:  -96.539 |   -3.429 |  117.869 | Time:   10.50
Phase data: -104.664 |    8.963 |  107.201 | Time:   10.60
Phase data: -100.533 |   26.021 |   96.012 | Time:   10.70
Phase data: -112.696 |   34.427 |   88.869 | Time:   10.80
Phase data: -117.612 |   44.161 |   84.951 | Time:   10.90
Phase data: -111.552 |   57.909 |   80.043 | Time:   11.00
Phase data: -118.099 |   69.560 |   61.539 | Time:   11.10
Phase data: -108.646 |   77.006 |   59.640 | Time:   11.20
Phase data: -112.801 |   90.848 |   40.053 | Time:   11.30
Phase data: -108.682 |   88.392 |   32.490 | Time:   11.40
Phase data: -108.119 |   98.953 |   25.866 | Time:   11.50
Phase data: -104.954 |  105.754 |    6.700 | Time:   11.60
Phase data:  -93.539 |  109.628 |   -6.490 | Time:   11.70
Phase data:  -86.437 |  115.520 |  -11.082 | Time:   11.80
Phase data:  -77.022 |  118.381 |  -29.259 | Time:   11.90
Phase data:  -73.976 |  128.579 |  -33.304 | Time:   12.00
Phase data:  -54.588 |  130.890 |  -47.103 | Time:   12.10
Phase data:  -42.957 |  128.703 |  -63.747 | Time:   12.20
Phase data:  -33.086 |  120.120 |  -74.333 | Time:   12.30
Phase data:  -20.087 |  123.452 |  -84.065 | Time:   12.40
Phase data:  -13.971 |  121.324 |  -89.253 | Time:   12.50
Phase data:   -2.357 |  116.673 |  -94.216 | Time:   12.60
Phase data:   14.036 |  104.046 |  -99.982 | Time:   12.70
Phase data:   16.389 |  102.302 | -102.491 | Time:   12.80
Phase data:   37.883 |   87.908 | -104.591 | Time:   12.90
Phase data:   40.598 |   78.643 | -110.441 | Time:   13.00
Phase data:   51.021 |   78.993 | -113.115 | Time:   13.10
Phase data:   69.241 |   67.153 | -117.394 | Time:   13.20
Phase data:   81.450 |   54.324 | -115.074 | Time:   13.30
Phase data:   91.150 |   41.813 | -106.463 | Time:   13.40
Phase data:  100.046 |   36.232 | -106.478 | Time:   13.50
Phase data:   98.255 |   17.197 | -105.252 | Time:   13.60
Phase data:  110.400 |    2.426 |  -98.427 | Time:   13.70
Phase data:  110.015 |   -9.061 |  -97.555 | Time:   13.80
Phase data:  122.244 |  -10.844 |  -90.300 | Time:   13.90
Phase data:  123.241 |  -33.106 |  -81.836 | Time:   14.00
Phase data:  120.873 |  -44.628 |  -62.845 | Time:   14.10
Phase data:  127.617 |  -47.199 |  -56.818 | Time:   14.20
Phase data:  130.063 |  -59.109 |  -53.054 | Time:   14.30
Phase data:  120.112 |  -70.755 |  -37.157 | Time:   14.40
Phase data:  116.478 |  -80.442 |  -27.736 | Time:   14.50
Phase data:  119.787 |  -87.480 |  -12.407 | Time:   14.60
Phase data:  119.074 |  -99.189 |    0.315 | Time:   14.70
Phase data:  107.488 | -104.798 |   12.809 | Time:   14.80
Phase data:  100.589 | -100.845 |   23.457 | Time:   14.90
Phase data:   93.444 | -110.181 |   35.237 | Time:   15.00
Phase data:   85.633 | -111.767 |   47.334 | Time:   15.10
Phase data:   74.242 | -117.673 |   55.332 | Time:   15.20
Phase data:   70.266 | -119.785 |   72.420 | Time:   15.30
Phase data:   47.906 | -117.198 |   75.692 | Time:   15.40
Phase data:   41.072 | -115.420 |   88.749 | Time:   15.50
Phase data:   31.873 | -104.571 |   90.698 | Time:   15.60
Phase data:   14.828 | -100.582 |   98.354 | Time:   15.70
Phase data:    9.653 | -101.996 |  106.343 | Time:   15.80
Phase data:   -6.132 |  -89.567 |  109.499 | Time:   15.90
Phase data:  -12.006 |  -88.259 |  118.965 | Time:   16.00
Phase data:  -28.851 |  -72.247 |  128.598 | Time:   16.10
Phase data:  -44.751 |  -70.212 |  119.863 | Time:   16.20
Phase data:  -51.993 |  -60.447 |  121.140 | Time:   16.30
Phase data:  -63.469 |  -50.450 |  122.119 | Time:   16.40
Phase data:  -69.675 |  -34.726 |  122.501 | Time:   16.50
Phase data:  -83.416 |  -28.185 |  116.602 | Time:   16.60
Phase data:  -90.804 |  -15.342 |  122.046 | Time:   16.70
Phase data:  -96.259 |   -6.613 |  118.772 | Time:   16.80
Phase data: -100.210 |    9.482 |  109.227 | Time:   16.90
Phase data: -104.596 |   20.323 |  104.673 | Time:   17.00
Phase data: -103.769 |   37.791 |   93.977 | Time:   17.10
Phase data: -106.688 |   49.569 |   88.120 | Time:   17.20
Phase data: -119.228 |   53.341 |   69.387 | Time:   17.30
Phase data: -119.173 |   66.697 |   61.576 | Time:   17.40
Phase data: -115.919 |   82.731 |   56.987 | Time:   17.50
Phase data: -110.474 |   81.945 |   47.129 | Time:   17.60
Phase data: -106.260 |   92.946 |   25.914 | Time:   17.70
Phase data: -104.608 |  103.850 |   13.258 | Time:   17.80
Phase data:  -99.362 |  104.783 |    5.379 | Time:   17.90
Phase data:  -97.577 |  116.379 |   -4.402 | Time:   18.00
Phase data:  -80.416 |  120.383 |  -20.367 | Time:   18.10
Phase data:  -77.155 |  122.350 |  -23.696 | Time:   18.20
Phase data:  -69.377 |  124.050 |  -45.273 | Time:   18.30
Phase data:  -58.774 |  124.960 |  -52.386 | Time:   18.40
Phase data:  -45.244 |  127.071 |  -64.027 | Time:   18.50
Phase data:  -36.994 |  120.186 |  -73.793 | Time:   18.60
Phase data:  -26.933 |  124.321 |  -80.088 | Time:   18.70
Phase data:  -13.276 |  112.701 |  -93.426 | Time:   18.80
Phase data:   -0.340 |  112.466 | -100.226 | Time:   18.90
Phase data:   16.055 |  105.663 |  -99.118 | Time:   19.00
Phase data:   22.490 |   95.654 | -110.043 | Time:   19.10
Phase data:   37.544 |   92.308 | -109.252 | Time:   19.20
Phase data:   48.502 |   86.804 | -106.906 | Time:   19.30
