UDP target IP: 192.168.42.11
UDP target port: 6367
Simulation Options: Noise=0.1, Timestep=0.1, Frequency=20, Debug= True
UDP host IP: 
UDP host port: 6367
IP Address: 192.168.42.11 | Port: 6367
Phase data:   10.300 |  108.523 |  -98.223 | Time (s):    0.10
Phase data:   23.480 |  108.714 | -103.894 | Time (s):    0.20
Phase data:   34.440 |   91.131 | -112.872 | Time (s):    0.30
Phase data:   41.562 |   81.750 | -110.313 | Time (s):    0.40
Phase data:   51.730 |   74.254 | -110.785 | Time (s):    0.50
Phase data:   62.131 |   68.436 | -113.367 | Time (s):    0.60
Phase data:   72.957 |   53.493 | -118.550 | Time (s):    0.70
Phase data:   78.106 |   49.532 | -111.238 | Time (s):    0.80
Phase data:   92.283 |   34.362 | -109.245 | Time (s):    0.90
Phase data:   98.299 |   24.300 | -106.099 | Time (s):    1.00
Phase data:  109.877 |    9.862 |  -96.438 | Time (s):    1.10
Phase data:  108.745 |   -3.433 |  -91.911 | Time (s):    1.20
Phase data:  119.145 |  -16.665 |  -84.480 | Time (s):    1.30
Phase data:  123.827 |  -23.114 |  -76.313 | Time (s):    1.40
Phase data:  120.354 |  -29.563 |  -66.390 | Time (s):    1.50
Phase data:  129.399 |  -48.699 |  -62.801 | Time (s):    1.60
Phase data:  123.449 |  -54.009 |  -51.640 | Time (s):    1.70
Phase data:  123.600 |  -63.790 |  -44.110 | Time (s):    1.80
Phase data:  128.462 |  -78.742 |  -28.619 | Time (s):    1.90
Phase data:  118.556 |  -82.775 |  -23.081 | Time (s):    2.00
Phase data:  119.616 |  -93.305 |   -6.911 | Time (s):    2.10
Phase data:  112.285 |  -98.658 |    7.173 | Time (s):    2.20
Phase data:  101.620 | -108.769 |   19.949 | Time (s):    2.30
Phase data:   91.185 | -105.584 |   25.999 | Time (s):    2.40
Phase data:   91.256 | -106.660 |   37.504 | Time (s):    2.50
Phase data:   80.517 | -111.766 |   51.749 | Time (s):    2.60
Phase data:   62.160 | -108.981 |   58.820 | Time (s):    2.70
Phase data:   56.086 | -115.997 |   78.111 | Time (s):    2.80
Phase data:   46.999 | -115.618 |   78.119 | Time (s):    2.90
Phase data:   29.810 | -107.860 |   94.450 | Time (s):    3.00
Phase data:   18.134 | -105.350 |  106.016 | Time (s):    3.10
Phase data:    9.790 | -104.428 |  106.538 | Time (s):    3.20
Phase data:    3.595 |  -93.643 |  112.648 | Time (s):    3.30
Phase data:  -13.029 |  -85.657 |  113.087 | Time (s):    3.40
Phase data:  -23.265 |  -79.340 |  126.505 | Time (s):    3.50
Phase data:  -33.994 |  -74.573 |  124.566 | Time (s):    3.60
Phase data:  -41.402 |  -65.443 |  124.945 | Time (s):    3.70
Phase data:  -51.980 |  -50.247 |  127.927 | Time (s):    3.80
Phase data:  -64.823 |  -45.388 |  129.411 | Time (s):    3.90
Phase data:  -73.632 |  -33.775 |  122.607 | Time (s):    4.00
Phase data:  -86.816 |  -21.621 |  124.437 | Time (s):    4.10
Phase data:  -94.493 |   -4.941 |  109.934 | Time (s):    4.20
Phase data:  -96.489 |    4.845 |  110.144 | Time (s):    4.30
Phase data: -109.240 |   22.017 |   98.222 | Time (s):    4.40
Phase data: -112.492 |   28.457 |   95.635 | Time (s):    4.50
Phase data: -116.804 |   47.345 |   88.859 | Time (s):    4.60
Phase data: -113.343 |   58.366 |   80.077 | Time (s):    4.70
Phase data: -108.891 |   67.908 |   64.183 | Time (s):    4.80
Phase data: -113.240 |   74.763 |   53.677 | Time (s):    4.90
Phase data: -113.094 |   81.130 |   43.064 | Time (s):    5.00
Phase data: -105.071 |   93.914 |   31.657 | Time (s):    5.10
Phase data: -102.798 |  104.629 |   24.769 | Time (s):    5.20
Phase data:  -97.415 |  106.797 |    4.418 | Time (s):    5.30
Phase data:  -96.372 |  113.448 |    1.124 | Time (s):    5.40
Phase data:  -88.332 |  119.125 |  -19.493 | Time (s):    5.50
Phase data:  -73.665 |  123.279 |  -21.314 | Time (s):    5.60
Phase data:  -68.352 |  118.875 |  -34.323 | Time (s):    5.70
Phase data:  -62.683 |  130.487 |  -48.104 | Time (s):    5.80
Phase data:  -49.453 |  125.002 |  -53.449 | Time (s):    5.90
Phase data:  -36.366 |  128.719 |  -72.353 | Time (s):    6.00
Phase data:  -22.330 |  123.649 |  -75.319 | Time (s):    6.10
Phase data:  -19.060 |  116.614 |  -86.554 | Time (s):    6.20
Phase data:    1.429 |  108.649 |  -88.778 | Time (s):    6.30
Phase data:   13.517 |  105.800 | -101.217 | Time (s):    6.40
Phase data:   21.485 |  103.522 | -100.408 | Time (s):    6.50
Phase data:   32.614 |   94.883 | -109.297 | Time (s):    6.60
Phase data:   42.185 |   80.959 | -111.843 | Time (s):    6.70
Phase data:   48.982 |   75.035 | -115.016 | Time (s):    6.80
Phase data:   64.593 |   70.504 | -111.397 | Time (s):    6.90
Phase data:   73.412 |   56.467 | -113.679 | Time (s):    7.00
Phase data:   83.638 |   43.729 | -116.867 | Time (s):    7.10
Phase data:   99.176 |   35.102 | -111.278 | Time (s):    7.20
Phase data:   99.640 |   21.902 | -107.842 | Time (s):    7.30
Phase data:  104.352 |    8.646 |  -99.798 | Time (s):    7.40
Phase data:  113.045 |   -7.847 |  -99.098 | Time (s):    7.50
Phase data:  115.560 |  -13.756 |  -86.404 | Time (s):    7.60
Phase data:  123.550 |  -21.363 |  -77.287 | Time (s):    7.70
Phase data:  118.780 |  -33.150 |  -64.830 | Time (s):    7.80
Phase data:  123.525 |  -51.605 |  -58.020 | Time (s):    7.90
Phase data:  120.273 |  -57.917 |  -54.056 | Time (s):    8.00
Phase data:  124.923 |  -63.682 |  -38.341 | Time (s):    8.10
Phase data:  122.687 |  -72.903 |  -32.084 | Time (s):    8.20
Phase data:  122.888 |  -89.489 |  -14.098 | Time (s):    8.30
Phase data:  109.261 |  -94.460 |   -9.201 | Time (s):    8.40
Phase data:  108.652 |  -96.242 |   14.490 | Time (s):    8.50
Phase data:  102.319 | -110.472 |   20.253 | Time (s):    8.60
Phase data:   88.528 | -107.998 |   30.670 | Time (s):    8.70
Phase data:   86.057 | -110.780 |   39.623 | Time (s):    8.80
Phase data:   74.390 | -109.586 |   53.596 | Time (s):    8.90
Phase data:   71.823 | -109.800 |   70.277 | Time (s):    9.00
Phase data:   49.454 | -115.815 |   79.160 | Time (s):    9.10
Phase data:   44.192 | -107.736 |   86.344 | Time (s):    9.20
Phase data:   33.547 | -107.582 |   97.235 | Time (s):    9.30
Phase data:   16.035 | -102.482 |   96.648 | Time (s):    9.40
Phase data:    4.273 | -103.978 |  112.405 | Time (s):    9.50
Phase data:   -8.718 |  -91.220 |  118.238 | Time (s):    9.60
Phase data:  -15.019 |  -84.272 |  116.691 | Time (s):    9.70
Phase data:  -23.311 |  -82.406 |  127.118 | Time (s):    9.80
Phase data:  -32.978 |  -69.204 |  127.282 | Time (s):    9.90
Phase data:  -52.304 |  -60.555 |  125.860 | Time (s):   10.00
Phase data:  -64.283 |  -50.157 |  129.440 | Time (s):   10.10
Phase data:  -64.809 |  -34.015 |  125.323 | Time (s):   10.20
Phase data:  -79.485 |  -28.636 |  118.121 | Time (s):   10.30
Phase data:  -90.323 |  -15.835 |  121.858 | Time (s):   10.40
Phase data:  -96.539 |   -3.429 |  117.869 | Time (s):   10.50
Phase data: -104.664 |    8.963 |  107.201 | Time (s):   10.60
Phase data: -100.533 |   26.021 |   96.012 | Time (s):   10.70
Phase data: -112.696 |   34.427 |   88.869 | Time (s):   10.80
Phase data: -117.612 |   44.161 |   84.951 | Time (s):   10.90
Phase data: -111.552 |   57.909 |   80.043 | Time (s):   11.00
Phase data: -118.099 |   69.560 |   61.539 | Time (s):   11.10
Phase data: -108.646 |   77.006 |   59.640 | Time (s):   11.20
Phase data: -112.801 |   90.848 |   40.053 | Time (s):   11.30
Phase data: -108.682 |   88.392 |   32.490 | Time (s):   11.40
Phase data: -108.119 |   98.953 |   25.866 | Time (s):   11.50
Phase data: -104.954 |  105.754 |    6.700 | Time (s):   11.60
Phase data:  -93.539 |  109.628 |   -6.490 | Time (s):   11.70
Phase data:  -86.437 |  115.520 |  -11.082 | Time (s):   11.80
Phase data:  -77.022 |  118.381 |  -29.259 | Time (s):   11.90
Phase data:  -73.976 |  128.579 |  -33.304 | Time (s):   12.00
Phase data:  -54.588 |  130.890 |  -47.103 | Time (s):   12.10
Phase data:  -42.957 |  128.703 |  -63.747 | Time (s):   12.20
Phase data:  -33.086 |  120.120 |  -74.333 | Time (s):   12.30
Phase data:  -20.087 |  123.452 |  -84.065 | Time (s):   12.40
Phase data:  -13.971 |  121.324 |  -89.253 | Time (s):   12.50
Phase data:   -2.357 |  116.673 |  -94.216 | Time (s):   12.60
Phase data:   14.036 |  104.046 |  -99.982 | Time (s):   12.70
Phase data:   16.389 |  102.302 | -102.491 | Time (s):   12.80
Phase data:   37.883 |   87.908 | -104.591 | Time (s):   12.90
Phase data:   40.598 |   78.643 | -110.441 | Time (s):   13.00
Phase data:   51.021 |   78.993 | -113.115 | Time (s):   13.10
Phase data:   69.241 |   67.153 | -117.394 | Time (s):   13.20
Phase data:   81.450 |   54.324 | -115.074 | Time (s):   13.30
Phase data:   91.150 |   41.813 | -106.463 | Time (s):   13.40
Phase data:  100.046 |   36.232 | -106.478 | Time (s):   13.50
Phase data:   98.255 |   17.197 | -105.252 | Time (s):   13.60
Phase data:  110.400 |    2.426 |  -98.427 | Time (s):   13.70
Phase data:  110.015 |   -9.061 |  -97.555 | Time (s):   13.80
Phase data:  122.244 |  -10.844 |  -90.300 | Time (s):   13.90
Phase data:  123.241 |  -33.106 |  -81.836 | Time (s):   14.00
Phase data:  120.873 |  -44.628 |  -62.845 | Time (s):   14.10
Phase data:  127.617 |  -47.199 |  -56.818 | Time (s):   14.20
Phase data:  130.063 |  -59.109 |  -53.054 | Time (s):   14.30
Phase data:  120.112 |  -70.755 |  -37.157 | Time (s):   14.40
Phase data:  116.478 |  -80.442 |  -27.736 | Time (s):   14.50
Phase data:  119.787 |  -87.480 |  -12.407 | Time (s):   14.60
Phase data:  119.074 |  -99.189 |    0.315 | Time (s):   14.70
Phase data:  107.488 | -104.798 |   12.809 | Time (s):   14.80
Phase data:  100.589 | -100.845 |   23.457 | Time (s):   14.90
Phase data:   93.444 | -110.181 |   35.237 | Time (s):   15.00
Phase data:   85.633 | -111.767 |   47.334 | Time (s):   15.10
Phase data:   74.242 | -117.673 |   55.332 | Time (s):   15.20
Phase data:   70.266 | -119.785 |   72.420 | Time (s):   15.30
Phase data:   47.906 | -117.198 |   75.692 | Time (s):   15.40
Phase data:   41.072 | -115.420 |   88.749 | Time (s):   15.50
Phase data:   31.873 | -104.571 |   90.698 | Time (s):   15.60
Phase data:   14.828 | -100.582 |   98.354 | Time (s):   15.70
Phase data:    9.653 | -101.996 |  106.343 | Time (s):   15.80
Phase data:   -6.132 |  -89.567 |  109.499 | Time (s):   15.90
Phase data:  -12.006 |  -88.259 |  118.965 | Time (s):   16.00
Phase data:  -28.851 |  -72.247 |  128.598 | Time (s):   16.10
Phase data:  -44.751 |  -70.212 |  119.863 | Time (s):   16.20
Phase data:  -51.993 |  -60.447 |  121.140 | Time (s):   16.30
Phase data:  -63.469 |  -50.450 |  122.119 | Time (s):   16.40
Phase data:  -69.675 |  -34.726 |  122.501 | Time (s):   16.50
Phase data:  -83.416 |  -28.185 |  116.602 | Time (s):   16.60
Phase data:  -90.804 |  -15.342 |  122.046 | Time (s):   16.70
Phase data:  -96.259 |   -6.613 |  118.772 | Time (s):   16.80
Phase data: -100.210 |    9.482 |  109.227 | Time (s):   16.90
Phase data: -104.596 |   20.323 |  104.673 | Time (s):   17.00
Phase data: -103.769 |   37.791 |   93.977 | Time (s):   17.10
Phase data: -106.688 |   49.569 |   88.120 | Time (s):   17.20
Phase data: -119.228 |   53.341 |   69.387 | Time (s):   17.30
Phase data: -119.173 |   66.697 |   61.576 | Time (s):   17.40
Phase data: -115.919 |   82.731 |   56.987 | Time (s):   17.50
Phase data: -110.474 |   81.945 |   47.129 | Time (s):   17.60
Phase data: -106.260 |   92.946 |   25.914 | Time (s):   17.70
Phase data: -104.608 |  103.850 |   13.258 | Time (s):   17.80
Phase data:  -99.362 |  104.783 |    5.379 | Time (s):   17.90
Phase data:  -97.577 |  116.379 |   -4.402 | Time (s):   18.00
Phase data:  -80.416 |  120.383 |  -20.367 | Time (s):   18.10
Phase data:  -77.155 |  122.350 |  -23.696 | Time (s):   18.20
Phase data:  -69.377 |  124.050 |  -45.273 | Time (s):   18.30
Phase data:  -58.774 |  124.960 |  -52.386 | Time (s):   18.40
Phase data:  -45.244 |  127.071 |  -64.027 | Time (s):   18.50
Phase data:  -36.994 |  120.186 |  -73.793 | Time (s):   18.60
Phase data:  -26.933 |  124.321 |  -80.088 | Time (s):   18.70
Phase data:  -13.276 |  112.701 |  -93.426 | Time (s):   18.80
Phase data:   -0.340 |  112.466 | -100.226 | Time (s):   18.90
Phase data:   16.055 |  105.663 |  -99.118 | Time (s):   19.00
Phase data:   22.490 |   95.654 | -110.043 | Time (s):   19.10
Phase data:   37.544 |   92.308 | -109.252 | Time (s):   19.20
Phase data:   48.502 |   86.804 | -106.906 | Time (s):   19.30
Phase data:   59.948 |   68.332 | -115.379 | Time (s):   19.40
Phase data:   63.472 |   64.985 | -108.257 | Time (s):   19.50
Phase data:   76.068 |   57.467 | -118.135 | Time (s):   19.60
Phase data:   87.839 |   36.986 | -107.125 | Time (s):   19.70
Phase data:  101.992 |   29.954 | -102.846 | Time (s):   19.80
Phase data:  109.044 |   22.888 | -105.531 | Time (s):   19.90
Phase data:  104.220 |    8.906 |  -95.925 | Time (s):   20.00
Phase data:  116.555 |  -10.472 |  -87.483 | Time (s):   20.10
Phase data:  121.796 |  -15.327 |  -85.370 | Time (s):   20.20
Phase data:  119.300 |  -32.439 |  -79.960 | Time (s):   20.30
Phase data:  119.833 |  -35.993 |  -69.839 | Time (s):   20.40
Phase data:  124.175 |  -46.877 |  -52.898 | Time (s):   20.50
Phase data:  122.719 |  -66.382 |  -44.037 | Time (s):   20.60
Phase data:  122.168 |  -69.908 |  -31.060 | Time (s):   20.70
Phase data:  116.437 |  -79.657 |  -25.880 | Time (s):   20.80
Phase data:  122.554 |  -88.144 |  -15.509 | Time (s):   20.90
Phase data:  108.456 |  -95.789 |    5.733 | Time (s):   21.00
Phase data:  110.196 | -106.623 |    6.828 | Time (s):   21.10
Phase data:  100.932 | -104.387 |   26.855 | Time (s):   21.20
Phase data:   96.436 | -105.832 |   41.997 | Time (s):   21.30
Phase data:   76.887 | -108.520 |   51.834 | Time (s):   21.40
Phase data:   68.673 | -117.627 |   61.854 | Time (s):   21.50
Phase data:   66.792 | -114.737 |   73.245 | Time (s):   21.60
Phase data:   51.445 | -110.448 |   78.803 | Time (s):   21.70
Phase data:   36.841 | -107.171 |   82.630 | Time (s):   21.80
Phase data:   27.493 | -105.528 |   96.335 | Time (s):   21.90
Phase data:   17.317 |  -99.051 |  109.134 | Time (s):   22.00
Phase data:    3.632 |  -96.385 |  116.053 | Time (s):   22.10
Phase data:   -9.042 |  -94.986 |  116.328 | Time (s):   22.20
Phase data:  -24.586 |  -88.321 |  118.507 | Time (s):   22.30
Phase data:  -25.381 |  -80.264 |  118.645 | Time (s):   22.40
Phase data:  -38.612 |  -69.999 |  122.712 | Time (s):   22.50
Phase data:  -53.066 |  -50.621 |  128.787 | Time (s):   22.60
Phase data:  -65.336 |  -47.128 |  124.064 | Time (s):   22.70
Phase data:  -69.920 |  -33.626 |  120.146 | Time (s):   22.80
Phase data:  -79.124 |  -17.326 |  124.449 | Time (s):   22.90
Phase data:  -93.260 |  -11.943 |  118.502 | Time (s):   23.00
Phase data: -100.950 |    4.706 |  108.444 | Time (s):   23.10
Phase data:  -96.025 |    8.800 |  103.325 | Time (s):   23.20
Phase data: -106.327 |   21.020 |   97.107 | Time (s):   23.30
Phase data: -106.408 |   31.847 |   88.761 | Time (s):   23.40
Phase data: -107.431 |   51.664 |   81.366 | Time (s):   23.50
Phase data: -118.070 |   56.057 |   69.813 | Time (s):   23.60
Phase data: -110.213 |   69.016 |   63.297 | Time (s):   23.70
Phase data: -116.557 |   75.036 |   45.922 | Time (s):   23.80
Phase data: -112.114 |   91.919 |   44.795 | Time (s):   23.90
Phase data: -111.406 |  100.775 |   25.731 | Time (s):   24.00
Phase data: -100.367 |  107.920 |   11.246 | Time (s):   24.10
Phase data:  -93.241 |  113.783 |    0.659 | Time (s):   24.20
Phase data:  -95.287 |  112.198 |  -10.412 | Time (s):   24.30
Phase data:  -84.269 |  125.213 |  -22.244 | Time (s):   24.40
Phase data:  -71.864 |  126.487 |  -36.623 | Time (s):   24.50
Phase data:  -69.957 |  130.087 |  -46.029 | Time (s):   24.60
Phase data:  -56.442 |  128.595 |  -51.554 | Time (s):   24.70
Phase data:  -38.417 |  130.404 |  -61.187 | Time (s):   24.80
Phase data:  -38.490 |  120.420 |  -74.330 | Time (s):   24.90
Phase data:  -15.971 |  118.558 |  -85.187 | Time (s):   25.00
Phase data:  -13.375 |  110.947 |  -83.472 | Time (s):   25.10
Phase data:   -0.421 |  114.828 |  -94.107 | Time (s):   25.20
Phase data:   13.172 |  109.852 |  -98.524 | Time (s):   25.30
Phase data:   27.585 |   94.379 | -104.364 | Time (s):   25.40
Phase data:   42.698 |   94.783 | -110.881 | Time (s):   25.50
Phase data:   53.794 |   86.844 | -114.538 | Time (s):   25.60
Phase data:   54.359 |   68.951 | -108.010 | Time (s):   25.70
Phase data:   71.485 |   57.700 | -109.185 | Time (s):   25.80
Phase data:   77.266 |   47.497 | -117.463 | Time (s):   25.90
Phase data:   90.705 |   35.048 | -112.254 | Time (s):   26.00
Phase data:  100.212 |   25.869 | -108.781 | Time (s):   26.10
Phase data:  106.304 |   16.775 | -107.979 | Time (s):   26.20
Phase data:  108.509 |   -2.115 |  -92.895 | Time (s):   26.30
Phase data:  110.964 |   -6.380 |  -84.184 | Time (s):   26.40
Phase data:  122.417 |  -20.002 |  -78.114 | Time (s):   26.50
Phase data:  117.824 |  -33.662 |  -70.962 | Time (s):   26.60
Phase data:  123.658 |  -44.545 |  -59.213 | Time (s):   26.70
Phase data:  124.199 |  -48.239 |  -58.861 | Time (s):   26.80
Phase data:  121.541 |  -68.037 |  -45.205 | Time (s):   26.90
Phase data:  120.390 |  -70.038 |  -32.952 | Time (s):   27.00
Phase data:  121.663 |  -81.948 |  -16.915 | Time (s):   27.10
Phase data:  120.989 |  -94.181 |   -9.907 | Time (s):   27.20
Phase data:  116.209 |  -98.361 |    1.552 | Time (s):   27.30
Phase data:  107.875 | -104.319 |    8.744 | Time (s):   27.40
Phase data:  100.449 | -101.897 |   26.049 | Time (s):   27.50
Phase data:   89.703 | -105.150 |   41.947 | Time (s):   27.60
Phase data:   76.719 | -115.141 |   44.922 | Time (s):   27.70
Phase data:   66.286 | -112.946 |   66.560 | Time (s):   27.80
Phase data:   57.402 | -110.854 |   66.652 | Time (s):   27.90
Phase data:   50.270 | -107.764 |   84.694 | Time (s):   28.00
Phase data:   32.501 | -110.489 |   86.689 | Time (s):   28.10
Phase data:   30.106 | -108.652 |   95.346 | Time (s):   28.20
Phase data:   10.703 | -105.188 |  105.785 | Time (s):   28.30
Phase data:    3.612 |  -91.645 |  115.733 | Time (s):   28.40
Phase data:   -8.349 |  -88.478 |  119.827 | Time (s):   28.50
Phase data:  -26.659 |  -87.757 |  122.216 | Time (s):   28.60
Phase data:  -29.401 |  -77.358 |  128.659 | Time (s):   28.70
Phase data:  -40.159 |  -66.867 |  124.526 | Time (s):   28.80
Phase data:  -50.922 |  -54.077 |  121.400 | Time (s):   28.90
Phase data:  -60.184 |  -48.991 |  119.675 | Time (s):   29.00
Phase data:  -71.643 |  -26.614 |  123.757 | Time (s):   29.10
Phase data:  -78.106 |  -17.658 |  124.064 | Time (s):   29.20
Phase data:  -94.288 |   -4.039 |  110.827 | Time (s):   29.30
Phase data:  -94.412 |    2.625 |  116.286 | Time (s):   29.40
Phase data: -102.610 |   20.616 |  104.295 | Time (s):   29.50
Phase data: -110.827 |   31.912 |   97.115 | Time (s):   29.60
Phase data: -106.715 |   39.795 |   90.920 | Time (s):   29.70
Phase data: -110.840 |   48.548 |   84.092 | Time (s):   29.80
Phase data: -119.578 |   56.859 |   68.019 | Time (s):   29.90
Phase data: -118.119 |   76.517 |   56.902 | Time (s):   30.00
Phase data: -117.362 |   81.520 |   45.343 | Time (s):   30.10
Phase data: -109.521 |   88.569 |   41.852 | Time (s):   30.20
Phase data: -108.320 |   97.478 |   28.642 | Time (s):   30.30
Phase data: -103.194 |  100.062 |    9.232 | Time (s):   30.40
